{
  "/Users/blakewilson/wpengine/faustjs/packages/faustwp-core/src/client.ts": {
    "path": "/Users/blakewilson/wpengine/faustjs/packages/faustwp-core/src/client.ts",
    "statementMap": {
      "0": {
        "start": { "line": 1, "column": 0 },
        "end": { "line": 1, "column": null }
      },
      "1": {
        "start": { "line": 9, "column": 0 },
        "end": { "line": 9, "column": 30 }
      },
      "2": {
        "start": { "line": 10, "column": 0 },
        "end": { "line": 10, "column": 40 }
      },
      "3": {
        "start": { "line": 11, "column": 0 },
        "end": { "line": 11, "column": 32 }
      },
      "4": {
        "start": { "line": 13, "column": 0 },
        "end": { "line": 13, "column": 57 }
      },
      "5": {
        "start": { "line": 15, "column": 0 },
        "end": { "line": 15, "column": 81 }
      },
      "6": {
        "start": { "line": 16, "column": 0 },
        "end": { "line": 16, "column": 35 }
      },
      "7": {
        "start": { "line": 19, "column": 0 },
        "end": { "line": 19, "column": 49 }
      },
      "8": {
        "start": { "line": 20, "column": 0 },
        "end": { "line": 20, "column": 46 }
      },
      "9": {
        "start": { "line": 21, "column": 0 },
        "end": { "line": 21, "column": 65 }
      },
      "10": {
        "start": { "line": 22, "column": 0 },
        "end": { "line": 22, "column": 43 }
      },
      "11": {
        "start": { "line": 24, "column": 13 },
        "end": { "line": 24, "column": 57 }
      },
      "12": {
        "start": { "line": 33, "column": 2 },
        "end": { "line": 33, "column": 69 }
      },
      "13": {
        "start": { "line": 39, "column": 67 },
        "end": { "line": 39, "column": 78 }
      },
      "14": {
        "start": { "line": 41, "column": 49 },
        "end": { "line": 51, "column": 4 }
      },
      "15": {
        "start": { "line": 53, "column": 2 },
        "end": { "line": 57, "column": 27 }
      },
      "16": {
        "start": { "line": 59, "column": 18 },
        "end": { "line": 62, "column": 4 }
      },
      "17": {
        "start": { "line": 65, "column": 2 },
        "end": { "line": 70, "column": null }
      },
      "18": {
        "start": { "line": 66, "column": 4 },
        "end": { "line": 69, "column": 25 }
      },
      "19": {
        "start": { "line": 73, "column": 2 },
        "end": { "line": 86, "column": null }
      },
      "20": {
        "start": { "line": 74, "column": 4 },
        "end": { "line": 85, "column": 25 }
      },
      "21": {
        "start": { "line": 76, "column": 20 },
        "end": { "line": 76, "column": 36 }
      },
      "22": {
        "start": { "line": 79, "column": 6 },
        "end": { "line": 84, "column": 8 }
      },
      "23": {
        "start": { "line": 88, "column": 72 },
        "end": { "line": 93, "column": 4 }
      },
      "24": {
        "start": { "line": 95, "column": 2 },
        "end": { "line": 99, "column": 50 }
      },
      "25": {
        "start": { "line": 101, "column": 2 },
        "end": { "line": 101, "column": 47 }
      },
      "26": {
        "start": { "line": 38, "column": 0 },
        "end": { "line": 38, "column": 16 }
      },
      "27": {
        "start": { "line": 106, "column": 24 },
        "end": { "line": 106, "column": 60 }
      },
      "28": {
        "start": { "line": 110, "column": 2 },
        "end": { "line": 125, "column": null }
      },
      "29": {
        "start": { "line": 112, "column": 26 },
        "end": { "line": 112, "column": 49 }
      },
      "30": {
        "start": { "line": 115, "column": 17 },
        "end": { "line": 121, "column": 6 }
      },
      "31": {
        "start": { "line": 117, "column": 43 },
        "end": { "line": 120, "column": null }
      },
      "32": {
        "start": { "line": 119, "column": 37 },
        "end": { "line": 119, "column": 72 }
      },
      "33": {
        "start": { "line": 119, "column": 57 },
        "end": { "line": 119, "column": 71 }
      },
      "34": {
        "start": { "line": 124, "column": 4 },
        "end": { "line": 124, "column": 38 }
      },
      "35": {
        "start": { "line": 127, "column": 2 },
        "end": { "line": 127, "column": 58 }
      },
      "36": {
        "start": { "line": 127, "column": 37 },
        "end": { "line": 127, "column": 58 }
      },
      "37": {
        "start": { "line": 129, "column": 2 },
        "end": { "line": 129, "column": 50 }
      },
      "38": {
        "start": { "line": 129, "column": 21 },
        "end": { "line": 129, "column": 50 }
      },
      "39": {
        "start": { "line": 131, "column": 2 },
        "end": { "line": 131, "column": 23 }
      },
      "40": {
        "start": { "line": 104, "column": 0 },
        "end": { "line": 104, "column": 16 }
      },
      "41": {
        "start": { "line": 136, "column": 28 },
        "end": { "line": 136, "column": 72 }
      },
      "42": {
        "start": { "line": 138, "column": 2 },
        "end": { "line": 138, "column": 62 }
      },
      "43": {
        "start": { "line": 138, "column": 25 },
        "end": { "line": 138, "column": 62 }
      },
      "44": {
        "start": { "line": 140, "column": 2 },
        "end": { "line": 140, "column": 27 }
      },
      "45": {
        "start": { "line": 134, "column": 0 },
        "end": { "line": 134, "column": 16 }
      },
      "46": {
        "start": { "line": 153, "column": 2 },
        "end": { "line": 156, "column": null }
      },
      "47": {
        "start": { "line": 155, "column": 4 },
        "end": { "line": 155, "column": 69 }
      },
      "48": {
        "start": { "line": 158, "column": 2 },
        "end": { "line": 158, "column": 19 }
      },
      "49": {
        "start": { "line": 143, "column": 0 },
        "end": { "line": 143, "column": 16 }
      },
      "50": {
        "start": { "line": 164, "column": 16 },
        "end": { "line": 164, "column": 49 }
      },
      "51": {
        "start": { "line": 166, "column": 16 },
        "end": { "line": 166, "column": 62 }
      },
      "52": {
        "start": { "line": 166, "column": 30 },
        "end": { "line": 166, "column": 52 }
      },
      "53": {
        "start": { "line": 167, "column": 2 },
        "end": { "line": 167, "column": 15 }
      },
      "54": {
        "start": { "line": 161, "column": 0 },
        "end": { "line": 161, "column": 16 }
      }
    },
    "fnMap": {
      "0": {
        "name": "createApolloClient",
        "decl": {
          "start": { "line": 38, "column": 16 },
          "end": { "line": 38, "column": 34 }
        },
        "loc": {
          "start": { "line": 38, "column": 56 },
          "end": { "line": 102, "column": 1 }
        }
      },
      "1": {
        "name": "(anonymous_2)",
        "decl": {
          "start": { "line": 74, "column": 27 },
          "end": { "line": 74, "column": 28 }
        },
        "loc": {
          "start": { "line": 74, "column": 46 },
          "end": { "line": 85, "column": 5 }
        }
      },
      "2": {
        "name": "getApolloClient",
        "decl": {
          "start": { "line": 104, "column": 16 },
          "end": { "line": 104, "column": 31 }
        },
        "loc": {
          "start": { "line": 104, "column": 51 },
          "end": { "line": 132, "column": 1 }
        }
      },
      "3": {
        "name": "(anonymous_4)",
        "decl": {
          "start": { "line": 117, "column": 18 },
          "end": { "line": 117, "column": 19 }
        },
        "loc": {
          "start": { "line": 117, "column": 43 },
          "end": { "line": 120, "column": null }
        }
      },
      "4": {
        "name": "(anonymous_5)",
        "decl": {
          "start": { "line": 119, "column": 30 },
          "end": { "line": 119, "column": 31 }
        },
        "loc": {
          "start": { "line": 119, "column": 37 },
          "end": { "line": 119, "column": 72 }
        }
      },
      "5": {
        "name": "(anonymous_6)",
        "decl": {
          "start": { "line": 119, "column": 50 },
          "end": { "line": 119, "column": 51 }
        },
        "loc": {
          "start": { "line": 119, "column": 57 },
          "end": { "line": 119, "column": 71 }
        }
      },
      "6": {
        "name": "getApolloAuthClient",
        "decl": {
          "start": { "line": 134, "column": 16 },
          "end": { "line": 134, "column": 35 }
        },
        "loc": {
          "start": { "line": 134, "column": 35 },
          "end": { "line": 141, "column": 1 }
        }
      },
      "7": {
        "name": "addApolloState",
        "decl": {
          "start": { "line": 143, "column": 16 },
          "end": { "line": 143, "column": 30 }
        },
        "loc": {
          "start": { "line": 148, "column": 17 },
          "end": { "line": 159, "column": 1 }
        }
      },
      "8": {
        "name": "useApollo",
        "decl": {
          "start": { "line": 161, "column": 16 },
          "end": { "line": 161, "column": 25 }
        },
        "loc": {
          "start": { "line": 162, "column": 58 },
          "end": { "line": 168, "column": 1 }
        }
      },
      "9": {
        "name": "(anonymous_10)",
        "decl": {
          "start": { "line": 166, "column": 24 },
          "end": { "line": 166, "column": 27 }
        },
        "loc": {
          "start": { "line": 166, "column": 30 },
          "end": { "line": 166, "column": 52 }
        }
      }
    },
    "branchMap": {
      "0": {
        "loc": {
          "start": { "line": 33, "column": 2 },
          "end": { "line": 33, "column": 69 }
        },
        "type": "cond-expr",
        "locations": [
          {
            "start": { "line": 33, "column": 34 },
            "end": { "line": 33, "column": 64 }
          },
          {
            "start": { "line": 33, "column": 67 },
            "end": { "line": 33, "column": 69 }
          }
        ]
      },
      "1": {
        "loc": {
          "start": { "line": 38, "column": 35 },
          "end": { "line": 38, "column": 56 }
        },
        "type": "default-arg",
        "locations": [
          {
            "start": { "line": 38, "column": 51 },
            "end": { "line": 38, "column": 56 }
          }
        ]
      },
      "2": {
        "loc": {
          "start": { "line": 65, "column": 2 },
          "end": { "line": 70, "column": null }
        },
        "type": "if",
        "locations": [
          {
            "start": { "line": 65, "column": 2 },
            "end": { "line": 70, "column": null }
          }
        ]
      },
      "3": {
        "loc": {
          "start": { "line": 73, "column": 2 },
          "end": { "line": 86, "column": null }
        },
        "type": "if",
        "locations": [
          {
            "start": { "line": 73, "column": 2 },
            "end": { "line": 86, "column": null }
          }
        ]
      },
      "4": {
        "loc": {
          "start": { "line": 82, "column": 25 },
          "end": { "line": 82, "column": 55 }
        },
        "type": "cond-expr",
        "locations": [
          {
            "start": { "line": 82, "column": 33 },
            "end": { "line": 82, "column": 50 }
          },
          {
            "start": { "line": 82, "column": 53 },
            "end": { "line": 82, "column": 55 }
          }
        ]
      },
      "5": {
        "loc": {
          "start": { "line": 104, "column": 32 },
          "end": { "line": 104, "column": 51 }
        },
        "type": "default-arg",
        "locations": [
          {
            "start": { "line": 104, "column": 47 },
            "end": { "line": 104, "column": 51 }
          }
        ]
      },
      "6": {
        "loc": {
          "start": { "line": 106, "column": 24 },
          "end": { "line": 106, "column": 60 }
        },
        "type": "cond-expr",
        "locations": [
          {
            "start": { "line": 106, "column": 24 },
            "end": { "line": 106, "column": 36 }
          },
          {
            "start": { "line": 106, "column": 40 },
            "end": { "line": 106, "column": 60 }
          }
        ]
      },
      "7": {
        "loc": {
          "start": { "line": 106, "column": 24 },
          "end": { "line": 106, "column": 40 }
        },
        "type": "binary-expr",
        "locations": [
          {
            "start": { "line": 106, "column": 24 },
            "end": { "line": 106, "column": 40 }
          },
          {
            "start": { "line": 106, "column": 24 },
            "end": { "line": 106, "column": 40 }
          }
        ]
      },
      "8": {
        "loc": {
          "start": { "line": 110, "column": 2 },
          "end": { "line": 125, "column": null }
        },
        "type": "if",
        "locations": [
          {
            "start": { "line": 110, "column": 2 },
            "end": { "line": 125, "column": null }
          }
        ]
      },
      "9": {
        "loc": {
          "start": { "line": 127, "column": 2 },
          "end": { "line": 127, "column": 58 }
        },
        "type": "if",
        "locations": [
          {
            "start": { "line": 127, "column": 2 },
            "end": { "line": 127, "column": 58 }
          }
        ]
      },
      "10": {
        "loc": {
          "start": { "line": 129, "column": 2 },
          "end": { "line": 129, "column": 50 }
        },
        "type": "if",
        "locations": [
          {
            "start": { "line": 129, "column": 2 },
            "end": { "line": 129, "column": 50 }
          }
        ]
      },
      "11": {
        "loc": {
          "start": { "line": 136, "column": 28 },
          "end": { "line": 136, "column": 72 }
        },
        "type": "cond-expr",
        "locations": [
          {
            "start": { "line": 136, "column": 28 },
            "end": { "line": 136, "column": 44 }
          },
          {
            "start": { "line": 136, "column": 48 },
            "end": { "line": 136, "column": 72 }
          }
        ]
      },
      "12": {
        "loc": {
          "start": { "line": 136, "column": 28 },
          "end": { "line": 136, "column": 48 }
        },
        "type": "binary-expr",
        "locations": [
          {
            "start": { "line": 136, "column": 28 },
            "end": { "line": 136, "column": 48 }
          },
          {
            "start": { "line": 136, "column": 28 },
            "end": { "line": 136, "column": 48 }
          }
        ]
      },
      "13": {
        "loc": {
          "start": { "line": 138, "column": 2 },
          "end": { "line": 138, "column": 62 }
        },
        "type": "if",
        "locations": [
          {
            "start": { "line": 138, "column": 2 },
            "end": { "line": 138, "column": 62 }
          }
        ]
      },
      "14": {
        "loc": {
          "start": { "line": 153, "column": 2 },
          "end": { "line": 156, "column": null }
        },
        "type": "if",
        "locations": [
          {
            "start": { "line": 153, "column": 2 },
            "end": { "line": 156, "column": null }
          }
        ]
      },
      "15": {
        "loc": {
          "start": { "line": 153, "column": 6 },
          "end": { "line": 153, "column": 22 }
        },
        "type": "cond-expr",
        "locations": [
          {
            "start": { "line": 153, "column": 15 },
            "end": { "line": 153, "column": 17 }
          },
          {
            "start": { "line": 153, "column": 6 },
            "end": { "line": 153, "column": 22 }
          }
        ]
      },
      "16": {
        "loc": {
          "start": { "line": 153, "column": 6 },
          "end": { "line": 153, "column": 17 }
        },
        "type": "binary-expr",
        "locations": [
          {
            "start": { "line": 153, "column": 6 },
            "end": { "line": 153, "column": 17 }
          },
          {
            "start": { "line": 153, "column": 6 },
            "end": { "line": 153, "column": 17 }
          }
        ]
      }
    },
    "s": {
      "0": 7,
      "1": 7,
      "2": 7,
      "3": 7,
      "4": 7,
      "5": 7,
      "6": 7,
      "7": 7,
      "8": 7,
      "9": 7,
      "10": 7,
      "11": 7,
      "12": 7,
      "13": 11,
      "14": 11,
      "15": 11,
      "16": 11,
      "17": 11,
      "18": 2,
      "19": 11,
      "20": 2,
      "21": 0,
      "22": 0,
      "23": 11,
      "24": 11,
      "25": 11,
      "26": 7,
      "27": 8,
      "28": 8,
      "29": 0,
      "30": 0,
      "31": 0,
      "32": 0,
      "33": 0,
      "34": 0,
      "35": 8,
      "36": 4,
      "37": 4,
      "38": 1,
      "39": 4,
      "40": 7,
      "41": 9,
      "42": 9,
      "43": 1,
      "44": 9,
      "45": 7,
      "46": 4,
      "47": 4,
      "48": 4,
      "49": 7,
      "50": 4,
      "51": 4,
      "52": 4,
      "53": 4,
      "54": 7
    },
    "f": {
      "0": 11,
      "1": 0,
      "2": 8,
      "3": 0,
      "4": 0,
      "5": 0,
      "6": 9,
      "7": 4,
      "8": 4,
      "9": 4
    },
    "b": {
      "0": [5, 2],
      "1": [9],
      "2": [2],
      "3": [2],
      "4": [0, 0],
      "5": [8],
      "6": [3, 5],
      "7": [8, 8],
      "8": [0],
      "9": [4],
      "10": [1],
      "11": [8, 1],
      "12": [9, 9],
      "13": [1],
      "14": [4],
      "15": [0, 4],
      "16": [4, 4]
    }
  },
  "/Users/blakewilson/wpengine/faustjs/packages/faustwp-core/src/getProps.ts": {
    "path": "/Users/blakewilson/wpengine/faustjs/packages/faustwp-core/src/getProps.ts",
    "statementMap": {
      "0": {
        "start": { "line": 9, "column": 0 },
        "end": { "line": 9, "column": 44 }
      },
      "1": {
        "start": { "line": 10, "column": 0 },
        "end": { "line": 10, "column": 42 }
      },
      "2": {
        "start": { "line": 11, "column": 0 },
        "end": { "line": 11, "column": 64 }
      },
      "3": {
        "start": { "line": 12, "column": 0 },
        "end": { "line": 12, "column": 62 }
      },
      "4": {
        "start": { "line": 53, "column": 58 },
        "end": { "line": 53, "column": 61 }
      },
      "5": {
        "start": { "line": 54, "column": 23 },
        "end": { "line": 54, "column": 40 }
      },
      "6": {
        "start": { "line": 55, "column": 2 },
        "end": { "line": 59, "column": null }
      },
      "7": {
        "start": { "line": 56, "column": 4 },
        "end": { "line": 58, "column": 6 }
      },
      "8": {
        "start": { "line": 61, "column": 2 },
        "end": { "line": 65, "column": null }
      },
      "9": {
        "start": { "line": 62, "column": 4 },
        "end": { "line": 64, "column": 6 }
      },
      "10": {
        "start": { "line": 67, "column": 24 },
        "end": { "line": 67, "column": 78 }
      },
      "11": {
        "start": { "line": 70, "column": 2 },
        "end": { "line": 75, "column": null }
      },
      "12": {
        "start": { "line": 71, "column": 4 },
        "end": { "line": 74, "column": 7 }
      },
      "13": {
        "start": { "line": 77, "column": 19 },
        "end": { "line": 77, "column": 34 }
      },
      "14": {
        "start": { "line": 79, "column": 2 },
        "end": { "line": 81, "column": null }
      },
      "15": {
        "start": { "line": 80, "column": 4 },
        "end": { "line": 80, "column": 66 }
      },
      "16": {
        "start": { "line": 83, "column": 2 },
        "end": { "line": 85, "column": null }
      },
      "17": {
        "start": { "line": 84, "column": 4 },
        "end": { "line": 84, "column": 76 }
      },
      "18": {
        "start": { "line": 87, "column": 20 },
        "end": { "line": 87, "column": 74 }
      },
      "19": {
        "start": { "line": 88, "column": 2 },
        "end": { "line": 88, "column": 62 }
      },
      "20": {
        "start": { "line": 89, "column": 2 },
        "end": { "line": 89, "column": 50 }
      },
      "21": {
        "start": { "line": 49, "column": 0 },
        "end": { "line": 49, "column": 7 }
      },
      "22": {
        "start": { "line": 102, "column": 18 },
        "end": { "line": 102, "column": 25 }
      },
      "23": {
        "start": { "line": 103, "column": 46 },
        "end": { "line": 103, "column": 49 }
      },
      "24": {
        "start": { "line": 104, "column": 23 },
        "end": { "line": 104, "column": 40 }
      },
      "25": {
        "start": { "line": 106, "column": 2 },
        "end": { "line": 106, "column": 36 }
      },
      "26": {
        "start": { "line": 108, "column": 2 },
        "end": { "line": 112, "column": null }
      },
      "27": {
        "start": { "line": 109, "column": 4 },
        "end": { "line": 111, "column": 6 }
      },
      "28": {
        "start": { "line": 114, "column": 2 },
        "end": { "line": 118, "column": null }
      },
      "29": {
        "start": { "line": 115, "column": 4 },
        "end": { "line": 117, "column": 6 }
      },
      "30": {
        "start": { "line": 120, "column": 24 },
        "end": { "line": 120, "column": 78 }
      },
      "31": {
        "start": { "line": 123, "column": 2 },
        "end": { "line": 128, "column": null }
      },
      "32": {
        "start": { "line": 124, "column": 4 },
        "end": { "line": 127, "column": 7 }
      },
      "33": {
        "start": { "line": 130, "column": 19 },
        "end": { "line": 130, "column": 34 }
      },
      "34": {
        "start": { "line": 132, "column": 2 },
        "end": { "line": 134, "column": null }
      },
      "35": {
        "start": { "line": 133, "column": 4 },
        "end": { "line": 133, "column": 66 }
      },
      "36": {
        "start": { "line": 136, "column": 2 },
        "end": { "line": 138, "column": null }
      },
      "37": {
        "start": { "line": 137, "column": 4 },
        "end": { "line": 137, "column": 76 }
      },
      "38": {
        "start": { "line": 140, "column": 2 },
        "end": { "line": 142, "column": 40 }
      },
      "39": {
        "start": { "line": 98, "column": 0 },
        "end": { "line": 98, "column": 7 }
      }
    },
    "fnMap": {
      "0": {
        "name": "getNextStaticProps",
        "decl": {
          "start": { "line": 49, "column": 22 },
          "end": { "line": 49, "column": 40 }
        },
        "loc": {
          "start": { "line": 51, "column": 38 },
          "end": { "line": 90, "column": 1 }
        }
      },
      "1": {
        "name": "getNextServerSideProps",
        "decl": {
          "start": { "line": 98, "column": 22 },
          "end": { "line": 98, "column": 44 }
        },
        "loc": {
          "start": { "line": 100, "column": 42 },
          "end": { "line": 143, "column": 1 }
        }
      }
    },
    "branchMap": {
      "0": {
        "loc": {
          "start": { "line": 55, "column": 2 },
          "end": { "line": 59, "column": null }
        },
        "type": "if",
        "locations": [
          {
            "start": { "line": 55, "column": 2 },
            "end": { "line": 59, "column": null }
          }
        ]
      },
      "1": {
        "loc": {
          "start": { "line": 55, "column": 6 },
          "end": { "line": 55, "column": 46 }
        },
        "type": "binary-expr",
        "locations": [
          {
            "start": { "line": 55, "column": 6 },
            "end": { "line": 55, "column": 25 }
          },
          {
            "start": { "line": 55, "column": 29 },
            "end": { "line": 55, "column": 46 }
          }
        ]
      },
      "2": {
        "loc": {
          "start": { "line": 61, "column": 2 },
          "end": { "line": 65, "column": null }
        },
        "type": "if",
        "locations": [
          {
            "start": { "line": 61, "column": 2 },
            "end": { "line": 65, "column": null }
          }
        ]
      },
      "3": {
        "loc": {
          "start": { "line": 67, "column": 24 },
          "end": { "line": 67, "column": 78 }
        },
        "type": "cond-expr",
        "locations": [
          {
            "start": { "line": 67, "column": 42 },
            "end": { "line": 67, "column": 66 }
          },
          {
            "start": { "line": 67, "column": 69 },
            "end": { "line": 67, "column": 78 }
          }
        ]
      },
      "4": {
        "loc": {
          "start": { "line": 67, "column": 24 },
          "end": { "line": 67, "column": 39 }
        },
        "type": "cond-expr",
        "locations": [
          {
            "start": { "line": 67, "column": 28 },
            "end": { "line": 67, "column": 30 }
          },
          {
            "start": { "line": 67, "column": 24 },
            "end": { "line": 67, "column": 39 }
          }
        ]
      },
      "5": {
        "loc": {
          "start": { "line": 67, "column": 24 },
          "end": { "line": 67, "column": 30 }
        },
        "type": "binary-expr",
        "locations": [
          {
            "start": { "line": 67, "column": 24 },
            "end": { "line": 67, "column": 30 }
          },
          {
            "start": { "line": 67, "column": 24 },
            "end": { "line": 67, "column": 30 }
          }
        ]
      },
      "6": {
        "loc": {
          "start": { "line": 67, "column": 42 },
          "end": { "line": 67, "column": 66 }
        },
        "type": "cond-expr",
        "locations": [
          {
            "start": { "line": 67, "column": 46 },
            "end": { "line": 67, "column": 48 }
          },
          {
            "start": { "line": 67, "column": 42 },
            "end": { "line": 67, "column": 66 }
          }
        ]
      },
      "7": {
        "loc": {
          "start": { "line": 67, "column": 42 },
          "end": { "line": 67, "column": 48 }
        },
        "type": "binary-expr",
        "locations": [
          {
            "start": { "line": 67, "column": 42 },
            "end": { "line": 67, "column": 48 }
          },
          {
            "start": { "line": 67, "column": 42 },
            "end": { "line": 67, "column": 48 }
          }
        ]
      },
      "8": {
        "loc": {
          "start": { "line": 70, "column": 2 },
          "end": { "line": 75, "column": null }
        },
        "type": "if",
        "locations": [
          {
            "start": { "line": 70, "column": 2 },
            "end": { "line": 75, "column": null }
          }
        ]
      },
      "9": {
        "loc": {
          "start": { "line": 79, "column": 2 },
          "end": { "line": 81, "column": null }
        },
        "type": "if",
        "locations": [
          {
            "start": { "line": 79, "column": 2 },
            "end": { "line": 81, "column": null }
          }
        ]
      },
      "10": {
        "loc": {
          "start": { "line": 79, "column": 6 },
          "end": { "line": 79, "column": 24 }
        },
        "type": "cond-expr",
        "locations": [
          {
            "start": { "line": 79, "column": 18 },
            "end": { "line": 79, "column": 20 }
          },
          {
            "start": { "line": 79, "column": 6 },
            "end": { "line": 79, "column": 24 }
          }
        ]
      },
      "11": {
        "loc": {
          "start": { "line": 79, "column": 6 },
          "end": { "line": 79, "column": 20 }
        },
        "type": "binary-expr",
        "locations": [
          {
            "start": { "line": 79, "column": 6 },
            "end": { "line": 79, "column": 20 }
          },
          {
            "start": { "line": 79, "column": 6 },
            "end": { "line": 79, "column": 20 }
          }
        ]
      },
      "12": {
        "loc": {
          "start": { "line": 83, "column": 2 },
          "end": { "line": 85, "column": null }
        },
        "type": "if",
        "locations": [
          {
            "start": { "line": 83, "column": 2 },
            "end": { "line": 85, "column": null }
          }
        ]
      },
      "13": {
        "loc": {
          "start": { "line": 88, "column": 25 },
          "end": { "line": 88, "column": 61 }
        },
        "type": "cond-expr",
        "locations": [
          {
            "start": { "line": 88, "column": 25 },
            "end": { "line": 88, "column": 35 }
          },
          {
            "start": { "line": 88, "column": 39 },
            "end": { "line": 88, "column": 61 }
          }
        ]
      },
      "14": {
        "loc": {
          "start": { "line": 88, "column": 25 },
          "end": { "line": 88, "column": 39 }
        },
        "type": "binary-expr",
        "locations": [
          {
            "start": { "line": 88, "column": 25 },
            "end": { "line": 88, "column": 39 }
          },
          {
            "start": { "line": 88, "column": 25 },
            "end": { "line": 88, "column": 39 }
          }
        ]
      },
      "15": {
        "loc": {
          "start": { "line": 108, "column": 2 },
          "end": { "line": 112, "column": null }
        },
        "type": "if",
        "locations": [
          {
            "start": { "line": 108, "column": 2 },
            "end": { "line": 112, "column": null }
          }
        ]
      },
      "16": {
        "loc": {
          "start": { "line": 108, "column": 6 },
          "end": { "line": 108, "column": 46 }
        },
        "type": "binary-expr",
        "locations": [
          {
            "start": { "line": 108, "column": 6 },
            "end": { "line": 108, "column": 25 }
          },
          {
            "start": { "line": 108, "column": 29 },
            "end": { "line": 108, "column": 46 }
          }
        ]
      },
      "17": {
        "loc": {
          "start": { "line": 114, "column": 2 },
          "end": { "line": 118, "column": null }
        },
        "type": "if",
        "locations": [
          {
            "start": { "line": 114, "column": 2 },
            "end": { "line": 118, "column": null }
          }
        ]
      },
      "18": {
        "loc": {
          "start": { "line": 120, "column": 24 },
          "end": { "line": 120, "column": 78 }
        },
        "type": "cond-expr",
        "locations": [
          {
            "start": { "line": 120, "column": 42 },
            "end": { "line": 120, "column": 66 }
          },
          {
            "start": { "line": 120, "column": 69 },
            "end": { "line": 120, "column": 78 }
          }
        ]
      },
      "19": {
        "loc": {
          "start": { "line": 120, "column": 24 },
          "end": { "line": 120, "column": 39 }
        },
        "type": "cond-expr",
        "locations": [
          {
            "start": { "line": 120, "column": 28 },
            "end": { "line": 120, "column": 30 }
          },
          {
            "start": { "line": 120, "column": 24 },
            "end": { "line": 120, "column": 39 }
          }
        ]
      },
      "20": {
        "loc": {
          "start": { "line": 120, "column": 24 },
          "end": { "line": 120, "column": 30 }
        },
        "type": "binary-expr",
        "locations": [
          {
            "start": { "line": 120, "column": 24 },
            "end": { "line": 120, "column": 30 }
          },
          {
            "start": { "line": 120, "column": 24 },
            "end": { "line": 120, "column": 30 }
          }
        ]
      },
      "21": {
        "loc": {
          "start": { "line": 120, "column": 42 },
          "end": { "line": 120, "column": 66 }
        },
        "type": "cond-expr",
        "locations": [
          {
            "start": { "line": 120, "column": 46 },
            "end": { "line": 120, "column": 48 }
          },
          {
            "start": { "line": 120, "column": 42 },
            "end": { "line": 120, "column": 66 }
          }
        ]
      },
      "22": {
        "loc": {
          "start": { "line": 120, "column": 42 },
          "end": { "line": 120, "column": 48 }
        },
        "type": "binary-expr",
        "locations": [
          {
            "start": { "line": 120, "column": 42 },
            "end": { "line": 120, "column": 48 }
          },
          {
            "start": { "line": 120, "column": 42 },
            "end": { "line": 120, "column": 48 }
          }
        ]
      },
      "23": {
        "loc": {
          "start": { "line": 123, "column": 2 },
          "end": { "line": 128, "column": null }
        },
        "type": "if",
        "locations": [
          {
            "start": { "line": 123, "column": 2 },
            "end": { "line": 128, "column": null }
          }
        ]
      },
      "24": {
        "loc": {
          "start": { "line": 132, "column": 2 },
          "end": { "line": 134, "column": null }
        },
        "type": "if",
        "locations": [
          {
            "start": { "line": 132, "column": 2 },
            "end": { "line": 134, "column": null }
          }
        ]
      },
      "25": {
        "loc": {
          "start": { "line": 132, "column": 6 },
          "end": { "line": 132, "column": 24 }
        },
        "type": "cond-expr",
        "locations": [
          {
            "start": { "line": 132, "column": 18 },
            "end": { "line": 132, "column": 20 }
          },
          {
            "start": { "line": 132, "column": 6 },
            "end": { "line": 132, "column": 24 }
          }
        ]
      },
      "26": {
        "loc": {
          "start": { "line": 132, "column": 6 },
          "end": { "line": 132, "column": 20 }
        },
        "type": "binary-expr",
        "locations": [
          {
            "start": { "line": 132, "column": 6 },
            "end": { "line": 132, "column": 20 }
          },
          {
            "start": { "line": 132, "column": 6 },
            "end": { "line": 132, "column": 20 }
          }
        ]
      },
      "27": {
        "loc": {
          "start": { "line": 136, "column": 2 },
          "end": { "line": 138, "column": null }
        },
        "type": "if",
        "locations": [
          {
            "start": { "line": 136, "column": 2 },
            "end": { "line": 138, "column": null }
          }
        ]
      }
    },
    "s": {
      "0": 1,
      "1": 1,
      "2": 1,
      "3": 1,
      "4": 5,
      "5": 5,
      "6": 5,
      "7": 1,
      "8": 4,
      "9": 1,
      "10": 3,
      "11": 3,
      "12": 1,
      "13": 3,
      "14": 3,
      "15": 1,
      "16": 3,
      "17": 1,
      "18": 3,
      "19": 3,
      "20": 3,
      "21": 1,
      "22": 1,
      "23": 1,
      "24": 1,
      "25": 1,
      "26": 1,
      "27": 0,
      "28": 1,
      "29": 0,
      "30": 1,
      "31": 1,
      "32": 1,
      "33": 1,
      "34": 1,
      "35": 1,
      "36": 1,
      "37": 1,
      "38": 1,
      "39": 1
    },
    "f": { "0": 5, "1": 1 },
    "b": {
      "0": [1],
      "1": [5, 1],
      "2": [1],
      "3": [1, 2],
      "4": [0, 3],
      "5": [3, 3],
      "6": [0, 1],
      "7": [1, 1],
      "8": [1],
      "9": [1],
      "10": [2, 1],
      "11": [3, 3],
      "12": [1],
      "13": [1, 2],
      "14": [3, 3],
      "15": [0],
      "16": [1, 0],
      "17": [0],
      "18": [1, 0],
      "19": [0, 1],
      "20": [1, 1],
      "21": [0, 1],
      "22": [1, 1],
      "23": [1],
      "24": [1],
      "25": [0, 1],
      "26": [1, 1],
      "27": [1]
    }
  },
  "/Users/blakewilson/wpengine/faustjs/packages/faustwp-core/src/getTemplate.ts": {
    "path": "/Users/blakewilson/wpengine/faustjs/packages/faustwp-core/src/getTemplate.ts",
    "statementMap": {
      "0": {
        "start": { "line": 3, "column": 0 },
        "end": { "line": 3, "column": 43 }
      },
      "1": {
        "start": { "line": 6, "column": 36 },
        "end": { "line": 6, "column": 38 }
      },
      "2": {
        "start": { "line": 8, "column": 2 },
        "end": { "line": 10, "column": null }
      },
      "3": {
        "start": { "line": 9, "column": 4 },
        "end": { "line": 9, "column": 69 }
      },
      "4": {
        "start": { "line": 13, "column": 2 },
        "end": { "line": 15, "column": null }
      },
      "5": {
        "start": { "line": 14, "column": 4 },
        "end": { "line": 14, "column": 41 }
      },
      "6": {
        "start": { "line": 18, "column": 2 },
        "end": { "line": 20, "column": null }
      },
      "7": {
        "start": { "line": 19, "column": 4 },
        "end": { "line": 19, "column": 35 }
      },
      "8": {
        "start": { "line": 24, "column": 2 },
        "end": { "line": 30, "column": null }
      },
      "9": {
        "start": { "line": 25, "column": 4 },
        "end": { "line": 27, "column": null }
      },
      "10": {
        "start": { "line": 26, "column": 6 },
        "end": { "line": 26, "column": 53 }
      },
      "11": {
        "start": { "line": 29, "column": 4 },
        "end": { "line": 29, "column": 38 }
      },
      "12": {
        "start": { "line": 33, "column": 2 },
        "end": { "line": 83, "column": null }
      },
      "13": {
        "start": { "line": 34, "column": 29 },
        "end": { "line": 34, "column": 33 }
      },
      "14": {
        "start": { "line": 36, "column": 4 },
        "end": { "line": 80, "column": null }
      },
      "15": {
        "start": { "line": 38, "column": 8 },
        "end": { "line": 40, "column": null }
      },
      "16": {
        "start": { "line": 39, "column": 10 },
        "end": { "line": 39, "column": 58 }
      },
      "17": {
        "start": { "line": 42, "column": 8 },
        "end": { "line": 44, "column": null }
      },
      "18": {
        "start": { "line": 43, "column": 10 },
        "end": { "line": 43, "column": 64 }
      },
      "19": {
        "start": { "line": 46, "column": 8 },
        "end": { "line": 46, "column": 43 }
      },
      "20": {
        "start": { "line": 48, "column": 8 },
        "end": { "line": 48, "column": 14 }
      },
      "21": {
        "start": { "line": 51, "column": 8 },
        "end": { "line": 53, "column": null }
      },
      "22": {
        "start": { "line": 52, "column": 10 },
        "end": { "line": 52, "column": 53 }
      },
      "23": {
        "start": { "line": 55, "column": 8 },
        "end": { "line": 57, "column": null }
      },
      "24": {
        "start": { "line": 56, "column": 10 },
        "end": { "line": 56, "column": 59 }
      },
      "25": {
        "start": { "line": 59, "column": 8 },
        "end": { "line": 59, "column": 38 }
      },
      "26": {
        "start": { "line": 61, "column": 8 },
        "end": { "line": 61, "column": 14 }
      },
      "27": {
        "start": { "line": 64, "column": 8 },
        "end": { "line": 76, "column": null }
      },
      "28": {
        "start": { "line": 65, "column": 10 },
        "end": { "line": 67, "column": null }
      },
      "29": {
        "start": { "line": 66, "column": 12 },
        "end": { "line": 66, "column": 76 }
      },
      "30": {
        "start": { "line": 69, "column": 10 },
        "end": { "line": 73, "column": null }
      },
      "31": {
        "start": { "line": 70, "column": 12 },
        "end": { "line": 72, "column": 14 }
      },
      "32": {
        "start": { "line": 75, "column": 10 },
        "end": { "line": 75, "column": 61 }
      },
      "33": {
        "start": { "line": 78, "column": 8 },
        "end": { "line": 78, "column": 43 }
      },
      "34": {
        "start": { "line": 82, "column": 4 },
        "end": { "line": 82, "column": 38 }
      },
      "35": {
        "start": { "line": 85, "column": 2 },
        "end": { "line": 93, "column": null }
      },
      "36": {
        "start": { "line": 86, "column": 4 },
        "end": { "line": 88, "column": null }
      },
      "37": {
        "start": { "line": 87, "column": 6 },
        "end": { "line": 87, "column": 73 }
      },
      "38": {
        "start": { "line": 90, "column": 4 },
        "end": { "line": 90, "column": 52 }
      },
      "39": {
        "start": { "line": 91, "column": 4 },
        "end": { "line": 91, "column": 37 }
      },
      "40": {
        "start": { "line": 92, "column": 4 },
        "end": { "line": 92, "column": 38 }
      },
      "41": {
        "start": { "line": 96, "column": 2 },
        "end": { "line": 136, "column": null }
      },
      "42": {
        "start": { "line": 97, "column": 4 },
        "end": { "line": 110, "column": null }
      },
      "43": {
        "start": { "line": 101, "column": 6 },
        "end": { "line": 105, "column": null }
      },
      "44": {
        "start": { "line": 102, "column": 8 },
        "end": { "line": 104, "column": 10 }
      },
      "45": {
        "start": { "line": 107, "column": 6 },
        "end": { "line": 109, "column": null }
      },
      "46": {
        "start": { "line": 108, "column": 8 },
        "end": { "line": 108, "column": 73 }
      },
      "47": {
        "start": { "line": 112, "column": 4 },
        "end": { "line": 122, "column": null }
      },
      "48": {
        "start": { "line": 113, "column": 6 },
        "end": { "line": 115, "column": null }
      },
      "49": {
        "start": { "line": 114, "column": 8 },
        "end": { "line": 114, "column": 52 }
      },
      "50": {
        "start": { "line": 117, "column": 6 },
        "end": { "line": 119, "column": null }
      },
      "51": {
        "start": { "line": 118, "column": 8 },
        "end": { "line": 118, "column": 58 }
      },
      "52": {
        "start": { "line": 121, "column": 6 },
        "end": { "line": 121, "column": 37 }
      },
      "53": {
        "start": { "line": 124, "column": 4 },
        "end": { "line": 133, "column": null }
      },
      "54": {
        "start": { "line": 125, "column": 6 },
        "end": { "line": 129, "column": null }
      },
      "55": {
        "start": { "line": 126, "column": 8 },
        "end": { "line": 128, "column": 10 }
      },
      "56": {
        "start": { "line": 131, "column": 6 },
        "end": { "line": 131, "column": 69 }
      },
      "57": {
        "start": { "line": 132, "column": 6 },
        "end": { "line": 132, "column": 39 }
      },
      "58": {
        "start": { "line": 135, "column": 4 },
        "end": { "line": 135, "column": 39 }
      },
      "59": {
        "start": { "line": 138, "column": 2 },
        "end": { "line": 138, "column": 34 }
      },
      "60": {
        "start": { "line": 140, "column": 2 },
        "end": { "line": 144, "column": 16 }
      },
      "61": {
        "start": { "line": 146, "column": 2 },
        "end": { "line": 146, "column": 27 }
      },
      "62": {
        "start": { "line": 5, "column": 0 },
        "end": { "line": 5, "column": 16 }
      },
      "63": {
        "start": { "line": 153, "column": 2 },
        "end": { "line": 155, "column": null }
      },
      "64": {
        "start": { "line": 154, "column": 4 },
        "end": { "line": 154, "column": 16 }
      },
      "65": {
        "start": { "line": 157, "column": 28 },
        "end": { "line": 157, "column": 58 }
      },
      "66": {
        "start": { "line": 160, "column": 2 },
        "end": { "line": 165, "column": null }
      },
      "67": {
        "start": { "line": 160, "column": 15 },
        "end": { "line": 160, "column": 16 }
      },
      "68": {
        "start": { "line": 161, "column": 29 },
        "end": { "line": 161, "column": 49 }
      },
      "69": {
        "start": { "line": 162, "column": 4 },
        "end": { "line": 164, "column": null }
      },
      "70": {
        "start": { "line": 163, "column": 6 },
        "end": { "line": 163, "column": 41 }
      },
      "71": {
        "start": { "line": 167, "column": 2 },
        "end": { "line": 167, "column": 14 }
      },
      "72": {
        "start": { "line": 149, "column": 0 },
        "end": { "line": 149, "column": 16 }
      }
    },
    "fnMap": {
      "0": {
        "name": "getPossibleTemplates",
        "decl": {
          "start": { "line": 5, "column": 16 },
          "end": { "line": 5, "column": 36 }
        },
        "loc": {
          "start": { "line": 5, "column": 51 },
          "end": { "line": 147, "column": 1 }
        }
      },
      "1": {
        "name": "getTemplate",
        "decl": {
          "start": { "line": 149, "column": 16 },
          "end": { "line": 149, "column": 27 }
        },
        "loc": {
          "start": { "line": 151, "column": 49 },
          "end": { "line": 168, "column": 1 }
        }
      }
    },
    "branchMap": {
      "0": {
        "loc": {
          "start": { "line": 8, "column": 2 },
          "end": { "line": 10, "column": null }
        },
        "type": "if",
        "locations": [
          {
            "start": { "line": 8, "column": 2 },
            "end": { "line": 10, "column": null }
          }
        ]
      },
      "1": {
        "loc": {
          "start": { "line": 8, "column": 6 },
          "end": { "line": 8, "column": 77 }
        },
        "type": "binary-expr",
        "locations": [
          {
            "start": { "line": 8, "column": 6 },
            "end": { "line": 8, "column": 33 }
          },
          {
            "start": { "line": 8, "column": 37 },
            "end": { "line": 8, "column": 77 }
          }
        ]
      },
      "2": {
        "loc": {
          "start": { "line": 8, "column": 6 },
          "end": { "line": 8, "column": 33 }
        },
        "type": "cond-expr",
        "locations": [
          {
            "start": { "line": 8, "column": 19 },
            "end": { "line": 8, "column": 21 }
          },
          {
            "start": { "line": 8, "column": 19 },
            "end": { "line": 8, "column": 33 }
          }
        ]
      },
      "3": {
        "loc": {
          "start": { "line": 8, "column": 6 },
          "end": { "line": 8, "column": 21 }
        },
        "type": "binary-expr",
        "locations": [
          {
            "start": { "line": 8, "column": 6 },
            "end": { "line": 8, "column": 21 }
          },
          {
            "start": { "line": 8, "column": 19 },
            "end": { "line": 8, "column": 21 }
          }
        ]
      },
      "4": {
        "loc": {
          "start": { "line": 13, "column": 2 },
          "end": { "line": 15, "column": null }
        },
        "type": "if",
        "locations": [
          {
            "start": { "line": 13, "column": 2 },
            "end": { "line": 15, "column": null }
          }
        ]
      },
      "5": {
        "loc": {
          "start": { "line": 18, "column": 2 },
          "end": { "line": 20, "column": null }
        },
        "type": "if",
        "locations": [
          {
            "start": { "line": 18, "column": 2 },
            "end": { "line": 20, "column": null }
          }
        ]
      },
      "6": {
        "loc": {
          "start": { "line": 24, "column": 2 },
          "end": { "line": 30, "column": null }
        },
        "type": "if",
        "locations": [
          {
            "start": { "line": 24, "column": 2 },
            "end": { "line": 30, "column": null }
          }
        ]
      },
      "7": {
        "loc": {
          "start": { "line": 24, "column": 6 },
          "end": { "line": 24, "column": 69 }
        },
        "type": "binary-expr",
        "locations": [
          {
            "start": { "line": 24, "column": 6 },
            "end": { "line": 24, "column": 39 }
          },
          {
            "start": { "line": 24, "column": 43 },
            "end": { "line": 24, "column": 69 }
          }
        ]
      },
      "8": {
        "loc": {
          "start": { "line": 25, "column": 4 },
          "end": { "line": 27, "column": null }
        },
        "type": "if",
        "locations": [
          {
            "start": { "line": 25, "column": 4 },
            "end": { "line": 27, "column": null }
          }
        ]
      },
      "9": {
        "loc": {
          "start": { "line": 33, "column": 2 },
          "end": { "line": 83, "column": null }
        },
        "type": "if",
        "locations": [
          {
            "start": { "line": 33, "column": 2 },
            "end": { "line": 83, "column": null }
          }
        ]
      },
      "10": {
        "loc": {
          "start": { "line": 36, "column": 4 },
          "end": { "line": 80, "column": null }
        },
        "type": "switch",
        "locations": [
          {
            "start": { "line": 37, "column": 6 },
            "end": { "line": 49, "column": null }
          },
          {
            "start": { "line": 50, "column": 6 },
            "end": { "line": 62, "column": null }
          },
          {
            "start": { "line": 63, "column": 6 },
            "end": { "line": 79, "column": null }
          }
        ]
      },
      "11": {
        "loc": {
          "start": { "line": 38, "column": 8 },
          "end": { "line": 40, "column": null }
        },
        "type": "if",
        "locations": [
          {
            "start": { "line": 38, "column": 8 },
            "end": { "line": 40, "column": null }
          }
        ]
      },
      "12": {
        "loc": {
          "start": { "line": 42, "column": 8 },
          "end": { "line": 44, "column": null }
        },
        "type": "if",
        "locations": [
          {
            "start": { "line": 42, "column": 8 },
            "end": { "line": 44, "column": null }
          }
        ]
      },
      "13": {
        "loc": {
          "start": { "line": 51, "column": 8 },
          "end": { "line": 53, "column": null }
        },
        "type": "if",
        "locations": [
          {
            "start": { "line": 51, "column": 8 },
            "end": { "line": 53, "column": null }
          }
        ]
      },
      "14": {
        "loc": {
          "start": { "line": 55, "column": 8 },
          "end": { "line": 57, "column": null }
        },
        "type": "if",
        "locations": [
          {
            "start": { "line": 55, "column": 8 },
            "end": { "line": 57, "column": null }
          }
        ]
      },
      "15": {
        "loc": {
          "start": { "line": 64, "column": 8 },
          "end": { "line": 76, "column": null }
        },
        "type": "if",
        "locations": [
          {
            "start": { "line": 64, "column": 8 },
            "end": { "line": 76, "column": null }
          }
        ]
      },
      "16": {
        "loc": {
          "start": { "line": 65, "column": 10 },
          "end": { "line": 67, "column": null }
        },
        "type": "if",
        "locations": [
          {
            "start": { "line": 65, "column": 10 },
            "end": { "line": 67, "column": null }
          }
        ]
      },
      "17": {
        "loc": {
          "start": { "line": 69, "column": 10 },
          "end": { "line": 73, "column": null }
        },
        "type": "if",
        "locations": [
          {
            "start": { "line": 69, "column": 10 },
            "end": { "line": 73, "column": null }
          }
        ]
      },
      "18": {
        "loc": {
          "start": { "line": 85, "column": 2 },
          "end": { "line": 93, "column": null }
        },
        "type": "if",
        "locations": [
          {
            "start": { "line": 85, "column": 2 },
            "end": { "line": 93, "column": null }
          }
        ]
      },
      "19": {
        "loc": {
          "start": { "line": 86, "column": 4 },
          "end": { "line": 88, "column": null }
        },
        "type": "if",
        "locations": [
          {
            "start": { "line": 86, "column": 4 },
            "end": { "line": 88, "column": null }
          }
        ]
      },
      "20": {
        "loc": {
          "start": { "line": 87, "column": 39 },
          "end": { "line": 87, "column": 69 }
        },
        "type": "cond-expr",
        "locations": [
          {
            "start": { "line": 87, "column": 48 },
            "end": { "line": 87, "column": 50 }
          },
          {
            "start": { "line": 87, "column": 48 },
            "end": { "line": 87, "column": 69 }
          }
        ]
      },
      "21": {
        "loc": {
          "start": { "line": 87, "column": 39 },
          "end": { "line": 87, "column": 50 }
        },
        "type": "binary-expr",
        "locations": [
          {
            "start": { "line": 87, "column": 39 },
            "end": { "line": 87, "column": 50 }
          },
          {
            "start": { "line": 87, "column": 48 },
            "end": { "line": 87, "column": 50 }
          }
        ]
      },
      "22": {
        "loc": {
          "start": { "line": 96, "column": 2 },
          "end": { "line": 136, "column": null }
        },
        "type": "if",
        "locations": [
          {
            "start": { "line": 96, "column": 2 },
            "end": { "line": 136, "column": null }
          }
        ]
      },
      "23": {
        "loc": {
          "start": { "line": 97, "column": 4 },
          "end": { "line": 110, "column": null }
        },
        "type": "if",
        "locations": [
          {
            "start": { "line": 97, "column": 4 },
            "end": { "line": 110, "column": null }
          }
        ]
      },
      "24": {
        "loc": {
          "start": { "line": 98, "column": 6 },
          "end": { "line": 99, "column": 46 }
        },
        "type": "binary-expr",
        "locations": [
          {
            "start": { "line": 98, "column": 6 },
            "end": { "line": 98, "column": 46 }
          },
          {
            "start": { "line": 99, "column": 6 },
            "end": { "line": 99, "column": 46 }
          }
        ]
      },
      "25": {
        "loc": {
          "start": { "line": 98, "column": 6 },
          "end": { "line": 98, "column": 35 }
        },
        "type": "cond-expr",
        "locations": [
          {
            "start": { "line": 98, "column": 29 },
            "end": { "line": 98, "column": 31 }
          },
          {
            "start": { "line": 98, "column": 29 },
            "end": { "line": 98, "column": 35 }
          }
        ]
      },
      "26": {
        "loc": {
          "start": { "line": 98, "column": 6 },
          "end": { "line": 98, "column": 31 }
        },
        "type": "binary-expr",
        "locations": [
          {
            "start": { "line": 98, "column": 6 },
            "end": { "line": 98, "column": 31 }
          },
          {
            "start": { "line": 98, "column": 29 },
            "end": { "line": 98, "column": 31 }
          }
        ]
      },
      "27": {
        "loc": {
          "start": { "line": 98, "column": 6 },
          "end": { "line": 98, "column": 29 }
        },
        "type": "cond-expr",
        "locations": [
          {
            "start": { "line": 98, "column": 23 },
            "end": { "line": 98, "column": 25 }
          },
          {
            "start": { "line": 98, "column": 23 },
            "end": { "line": 98, "column": 29 }
          }
        ]
      },
      "28": {
        "loc": {
          "start": { "line": 98, "column": 6 },
          "end": { "line": 98, "column": 25 }
        },
        "type": "binary-expr",
        "locations": [
          {
            "start": { "line": 98, "column": 6 },
            "end": { "line": 98, "column": 25 }
          },
          {
            "start": { "line": 98, "column": 23 },
            "end": { "line": 98, "column": 25 }
          }
        ]
      },
      "29": {
        "loc": {
          "start": { "line": 98, "column": 6 },
          "end": { "line": 98, "column": 23 }
        },
        "type": "cond-expr",
        "locations": [
          {
            "start": { "line": 98, "column": 10 },
            "end": { "line": 98, "column": 12 }
          },
          {
            "start": { "line": 98, "column": 6 },
            "end": { "line": 98, "column": 23 }
          }
        ]
      },
      "30": {
        "loc": {
          "start": { "line": 98, "column": 6 },
          "end": { "line": 98, "column": 12 }
        },
        "type": "binary-expr",
        "locations": [
          {
            "start": { "line": 98, "column": 6 },
            "end": { "line": 98, "column": 12 }
          },
          {
            "start": { "line": 98, "column": 6 },
            "end": { "line": 98, "column": 12 }
          }
        ]
      },
      "31": {
        "loc": {
          "start": { "line": 99, "column": 6 },
          "end": { "line": 99, "column": 35 }
        },
        "type": "cond-expr",
        "locations": [
          {
            "start": { "line": 99, "column": 29 },
            "end": { "line": 99, "column": 31 }
          },
          {
            "start": { "line": 99, "column": 29 },
            "end": { "line": 99, "column": 35 }
          }
        ]
      },
      "32": {
        "loc": {
          "start": { "line": 99, "column": 6 },
          "end": { "line": 99, "column": 31 }
        },
        "type": "binary-expr",
        "locations": [
          {
            "start": { "line": 99, "column": 6 },
            "end": { "line": 99, "column": 31 }
          },
          {
            "start": { "line": 99, "column": 29 },
            "end": { "line": 99, "column": 31 }
          }
        ]
      },
      "33": {
        "loc": {
          "start": { "line": 99, "column": 6 },
          "end": { "line": 99, "column": 29 }
        },
        "type": "cond-expr",
        "locations": [
          {
            "start": { "line": 99, "column": 23 },
            "end": { "line": 99, "column": 25 }
          },
          {
            "start": { "line": 99, "column": 23 },
            "end": { "line": 99, "column": 29 }
          }
        ]
      },
      "34": {
        "loc": {
          "start": { "line": 99, "column": 6 },
          "end": { "line": 99, "column": 25 }
        },
        "type": "binary-expr",
        "locations": [
          {
            "start": { "line": 99, "column": 6 },
            "end": { "line": 99, "column": 25 }
          },
          {
            "start": { "line": 99, "column": 23 },
            "end": { "line": 99, "column": 25 }
          }
        ]
      },
      "35": {
        "loc": {
          "start": { "line": 99, "column": 6 },
          "end": { "line": 99, "column": 23 }
        },
        "type": "cond-expr",
        "locations": [
          {
            "start": { "line": 99, "column": 10 },
            "end": { "line": 99, "column": 12 }
          },
          {
            "start": { "line": 99, "column": 6 },
            "end": { "line": 99, "column": 23 }
          }
        ]
      },
      "36": {
        "loc": {
          "start": { "line": 99, "column": 6 },
          "end": { "line": 99, "column": 12 }
        },
        "type": "binary-expr",
        "locations": [
          {
            "start": { "line": 99, "column": 6 },
            "end": { "line": 99, "column": 12 }
          },
          {
            "start": { "line": 99, "column": 6 },
            "end": { "line": 99, "column": 12 }
          }
        ]
      },
      "37": {
        "loc": {
          "start": { "line": 101, "column": 6 },
          "end": { "line": 105, "column": null }
        },
        "type": "if",
        "locations": [
          {
            "start": { "line": 101, "column": 6 },
            "end": { "line": 105, "column": null }
          }
        ]
      },
      "38": {
        "loc": {
          "start": { "line": 101, "column": 10 },
          "end": { "line": 101, "column": 51 }
        },
        "type": "binary-expr",
        "locations": [
          {
            "start": { "line": 101, "column": 10 },
            "end": { "line": 101, "column": 38 }
          },
          {
            "start": { "line": 101, "column": 42 },
            "end": { "line": 101, "column": 51 }
          }
        ]
      },
      "39": {
        "loc": {
          "start": { "line": 101, "column": 10 },
          "end": { "line": 101, "column": 38 }
        },
        "type": "cond-expr",
        "locations": [
          {
            "start": { "line": 101, "column": 32 },
            "end": { "line": 101, "column": 34 }
          },
          {
            "start": { "line": 101, "column": 32 },
            "end": { "line": 101, "column": 38 }
          }
        ]
      },
      "40": {
        "loc": {
          "start": { "line": 101, "column": 10 },
          "end": { "line": 101, "column": 34 }
        },
        "type": "binary-expr",
        "locations": [
          {
            "start": { "line": 101, "column": 10 },
            "end": { "line": 101, "column": 34 }
          },
          {
            "start": { "line": 101, "column": 32 },
            "end": { "line": 101, "column": 34 }
          }
        ]
      },
      "41": {
        "loc": {
          "start": { "line": 101, "column": 10 },
          "end": { "line": 101, "column": 32 }
        },
        "type": "cond-expr",
        "locations": [
          {
            "start": { "line": 101, "column": 26 },
            "end": { "line": 101, "column": 28 }
          },
          {
            "start": { "line": 101, "column": 26 },
            "end": { "line": 101, "column": 32 }
          }
        ]
      },
      "42": {
        "loc": {
          "start": { "line": 101, "column": 10 },
          "end": { "line": 101, "column": 28 }
        },
        "type": "binary-expr",
        "locations": [
          {
            "start": { "line": 101, "column": 10 },
            "end": { "line": 101, "column": 28 }
          },
          {
            "start": { "line": 101, "column": 26 },
            "end": { "line": 101, "column": 28 }
          }
        ]
      },
      "43": {
        "loc": {
          "start": { "line": 103, "column": 20 },
          "end": { "line": 103, "column": 48 }
        },
        "type": "cond-expr",
        "locations": [
          {
            "start": { "line": 103, "column": 42 },
            "end": { "line": 103, "column": 44 }
          },
          {
            "start": { "line": 103, "column": 42 },
            "end": { "line": 103, "column": 48 }
          }
        ]
      },
      "44": {
        "loc": {
          "start": { "line": 103, "column": 20 },
          "end": { "line": 103, "column": 44 }
        },
        "type": "binary-expr",
        "locations": [
          {
            "start": { "line": 103, "column": 20 },
            "end": { "line": 103, "column": 44 }
          },
          {
            "start": { "line": 103, "column": 42 },
            "end": { "line": 103, "column": 44 }
          }
        ]
      },
      "45": {
        "loc": {
          "start": { "line": 103, "column": 20 },
          "end": { "line": 103, "column": 42 }
        },
        "type": "cond-expr",
        "locations": [
          {
            "start": { "line": 103, "column": 36 },
            "end": { "line": 103, "column": 38 }
          },
          {
            "start": { "line": 103, "column": 36 },
            "end": { "line": 103, "column": 42 }
          }
        ]
      },
      "46": {
        "loc": {
          "start": { "line": 103, "column": 20 },
          "end": { "line": 103, "column": 38 }
        },
        "type": "binary-expr",
        "locations": [
          {
            "start": { "line": 103, "column": 20 },
            "end": { "line": 103, "column": 38 }
          },
          {
            "start": { "line": 103, "column": 36 },
            "end": { "line": 103, "column": 38 }
          }
        ]
      },
      "47": {
        "loc": {
          "start": { "line": 107, "column": 6 },
          "end": { "line": 109, "column": null }
        },
        "type": "if",
        "locations": [
          {
            "start": { "line": 107, "column": 6 },
            "end": { "line": 109, "column": null }
          }
        ]
      },
      "48": {
        "loc": {
          "start": { "line": 107, "column": 10 },
          "end": { "line": 107, "column": 38 }
        },
        "type": "cond-expr",
        "locations": [
          {
            "start": { "line": 107, "column": 32 },
            "end": { "line": 107, "column": 34 }
          },
          {
            "start": { "line": 107, "column": 32 },
            "end": { "line": 107, "column": 38 }
          }
        ]
      },
      "49": {
        "loc": {
          "start": { "line": 107, "column": 10 },
          "end": { "line": 107, "column": 34 }
        },
        "type": "binary-expr",
        "locations": [
          {
            "start": { "line": 107, "column": 10 },
            "end": { "line": 107, "column": 34 }
          },
          {
            "start": { "line": 107, "column": 32 },
            "end": { "line": 107, "column": 34 }
          }
        ]
      },
      "50": {
        "loc": {
          "start": { "line": 107, "column": 10 },
          "end": { "line": 107, "column": 32 }
        },
        "type": "cond-expr",
        "locations": [
          {
            "start": { "line": 107, "column": 26 },
            "end": { "line": 107, "column": 28 }
          },
          {
            "start": { "line": 107, "column": 26 },
            "end": { "line": 107, "column": 32 }
          }
        ]
      },
      "51": {
        "loc": {
          "start": { "line": 107, "column": 10 },
          "end": { "line": 107, "column": 28 }
        },
        "type": "binary-expr",
        "locations": [
          {
            "start": { "line": 107, "column": 10 },
            "end": { "line": 107, "column": 28 }
          },
          {
            "start": { "line": 107, "column": 26 },
            "end": { "line": 107, "column": 28 }
          }
        ]
      },
      "52": {
        "loc": {
          "start": { "line": 108, "column": 41 },
          "end": { "line": 108, "column": 69 }
        },
        "type": "cond-expr",
        "locations": [
          {
            "start": { "line": 108, "column": 63 },
            "end": { "line": 108, "column": 65 }
          },
          {
            "start": { "line": 108, "column": 63 },
            "end": { "line": 108, "column": 69 }
          }
        ]
      },
      "53": {
        "loc": {
          "start": { "line": 108, "column": 41 },
          "end": { "line": 108, "column": 65 }
        },
        "type": "binary-expr",
        "locations": [
          {
            "start": { "line": 108, "column": 41 },
            "end": { "line": 108, "column": 65 }
          },
          {
            "start": { "line": 108, "column": 63 },
            "end": { "line": 108, "column": 65 }
          }
        ]
      },
      "54": {
        "loc": {
          "start": { "line": 108, "column": 41 },
          "end": { "line": 108, "column": 63 }
        },
        "type": "cond-expr",
        "locations": [
          {
            "start": { "line": 108, "column": 57 },
            "end": { "line": 108, "column": 59 }
          },
          {
            "start": { "line": 108, "column": 57 },
            "end": { "line": 108, "column": 63 }
          }
        ]
      },
      "55": {
        "loc": {
          "start": { "line": 108, "column": 41 },
          "end": { "line": 108, "column": 59 }
        },
        "type": "binary-expr",
        "locations": [
          {
            "start": { "line": 108, "column": 41 },
            "end": { "line": 108, "column": 59 }
          },
          {
            "start": { "line": 108, "column": 57 },
            "end": { "line": 108, "column": 59 }
          }
        ]
      },
      "56": {
        "loc": {
          "start": { "line": 112, "column": 4 },
          "end": { "line": 122, "column": null }
        },
        "type": "if",
        "locations": [
          {
            "start": { "line": 112, "column": 4 },
            "end": { "line": 122, "column": null }
          }
        ]
      },
      "57": {
        "loc": {
          "start": { "line": 112, "column": 8 },
          "end": { "line": 112, "column": 37 }
        },
        "type": "cond-expr",
        "locations": [
          {
            "start": { "line": 112, "column": 31 },
            "end": { "line": 112, "column": 33 }
          },
          {
            "start": { "line": 112, "column": 31 },
            "end": { "line": 112, "column": 37 }
          }
        ]
      },
      "58": {
        "loc": {
          "start": { "line": 112, "column": 8 },
          "end": { "line": 112, "column": 33 }
        },
        "type": "binary-expr",
        "locations": [
          {
            "start": { "line": 112, "column": 8 },
            "end": { "line": 112, "column": 33 }
          },
          {
            "start": { "line": 112, "column": 31 },
            "end": { "line": 112, "column": 33 }
          }
        ]
      },
      "59": {
        "loc": {
          "start": { "line": 112, "column": 8 },
          "end": { "line": 112, "column": 31 }
        },
        "type": "cond-expr",
        "locations": [
          {
            "start": { "line": 112, "column": 25 },
            "end": { "line": 112, "column": 27 }
          },
          {
            "start": { "line": 112, "column": 25 },
            "end": { "line": 112, "column": 31 }
          }
        ]
      },
      "60": {
        "loc": {
          "start": { "line": 112, "column": 8 },
          "end": { "line": 112, "column": 27 }
        },
        "type": "binary-expr",
        "locations": [
          {
            "start": { "line": 112, "column": 8 },
            "end": { "line": 112, "column": 27 }
          },
          {
            "start": { "line": 112, "column": 25 },
            "end": { "line": 112, "column": 27 }
          }
        ]
      },
      "61": {
        "loc": {
          "start": { "line": 112, "column": 8 },
          "end": { "line": 112, "column": 25 }
        },
        "type": "cond-expr",
        "locations": [
          {
            "start": { "line": 112, "column": 12 },
            "end": { "line": 112, "column": 14 }
          },
          {
            "start": { "line": 112, "column": 8 },
            "end": { "line": 112, "column": 25 }
          }
        ]
      },
      "62": {
        "loc": {
          "start": { "line": 112, "column": 8 },
          "end": { "line": 112, "column": 14 }
        },
        "type": "binary-expr",
        "locations": [
          {
            "start": { "line": 112, "column": 8 },
            "end": { "line": 112, "column": 14 }
          },
          {
            "start": { "line": 112, "column": 8 },
            "end": { "line": 112, "column": 14 }
          }
        ]
      },
      "63": {
        "loc": {
          "start": { "line": 113, "column": 6 },
          "end": { "line": 115, "column": null }
        },
        "type": "if",
        "locations": [
          {
            "start": { "line": 113, "column": 6 },
            "end": { "line": 115, "column": null }
          }
        ]
      },
      "64": {
        "loc": {
          "start": { "line": 117, "column": 6 },
          "end": { "line": 119, "column": null }
        },
        "type": "if",
        "locations": [
          {
            "start": { "line": 117, "column": 6 },
            "end": { "line": 119, "column": null }
          }
        ]
      },
      "65": {
        "loc": {
          "start": { "line": 124, "column": 4 },
          "end": { "line": 133, "column": null }
        },
        "type": "if",
        "locations": [
          {
            "start": { "line": 124, "column": 4 },
            "end": { "line": 133, "column": null }
          }
        ]
      },
      "66": {
        "loc": {
          "start": { "line": 124, "column": 8 },
          "end": { "line": 124, "column": 37 }
        },
        "type": "cond-expr",
        "locations": [
          {
            "start": { "line": 124, "column": 31 },
            "end": { "line": 124, "column": 33 }
          },
          {
            "start": { "line": 124, "column": 31 },
            "end": { "line": 124, "column": 37 }
          }
        ]
      },
      "67": {
        "loc": {
          "start": { "line": 124, "column": 8 },
          "end": { "line": 124, "column": 33 }
        },
        "type": "binary-expr",
        "locations": [
          {
            "start": { "line": 124, "column": 8 },
            "end": { "line": 124, "column": 33 }
          },
          {
            "start": { "line": 124, "column": 31 },
            "end": { "line": 124, "column": 33 }
          }
        ]
      },
      "68": {
        "loc": {
          "start": { "line": 124, "column": 8 },
          "end": { "line": 124, "column": 31 }
        },
        "type": "cond-expr",
        "locations": [
          {
            "start": { "line": 124, "column": 25 },
            "end": { "line": 124, "column": 27 }
          },
          {
            "start": { "line": 124, "column": 25 },
            "end": { "line": 124, "column": 31 }
          }
        ]
      },
      "69": {
        "loc": {
          "start": { "line": 124, "column": 8 },
          "end": { "line": 124, "column": 27 }
        },
        "type": "binary-expr",
        "locations": [
          {
            "start": { "line": 124, "column": 8 },
            "end": { "line": 124, "column": 27 }
          },
          {
            "start": { "line": 124, "column": 25 },
            "end": { "line": 124, "column": 27 }
          }
        ]
      },
      "70": {
        "loc": {
          "start": { "line": 124, "column": 8 },
          "end": { "line": 124, "column": 25 }
        },
        "type": "cond-expr",
        "locations": [
          {
            "start": { "line": 124, "column": 12 },
            "end": { "line": 124, "column": 14 }
          },
          {
            "start": { "line": 124, "column": 8 },
            "end": { "line": 124, "column": 25 }
          }
        ]
      },
      "71": {
        "loc": {
          "start": { "line": 124, "column": 8 },
          "end": { "line": 124, "column": 14 }
        },
        "type": "binary-expr",
        "locations": [
          {
            "start": { "line": 124, "column": 8 },
            "end": { "line": 124, "column": 14 }
          },
          {
            "start": { "line": 124, "column": 8 },
            "end": { "line": 124, "column": 14 }
          }
        ]
      },
      "72": {
        "loc": {
          "start": { "line": 125, "column": 6 },
          "end": { "line": 129, "column": null }
        },
        "type": "if",
        "locations": [
          {
            "start": { "line": 125, "column": 6 },
            "end": { "line": 129, "column": null }
          }
        ]
      },
      "73": {
        "loc": {
          "start": { "line": 153, "column": 2 },
          "end": { "line": 155, "column": null }
        },
        "type": "if",
        "locations": [
          {
            "start": { "line": 153, "column": 2 },
            "end": { "line": 155, "column": null }
          }
        ]
      },
      "74": {
        "loc": {
          "start": { "line": 162, "column": 4 },
          "end": { "line": 164, "column": null }
        },
        "type": "if",
        "locations": [
          {
            "start": { "line": 162, "column": 4 },
            "end": { "line": 164, "column": null }
          }
        ]
      }
    },
    "s": {
      "0": 2,
      "1": 4,
      "2": 4,
      "3": 1,
      "4": 4,
      "5": 1,
      "6": 4,
      "7": 0,
      "8": 4,
      "9": 0,
      "10": 0,
      "11": 0,
      "12": 4,
      "13": 1,
      "14": 1,
      "15": 1,
      "16": 1,
      "17": 1,
      "18": 1,
      "19": 1,
      "20": 1,
      "21": 0,
      "22": 0,
      "23": 0,
      "24": 0,
      "25": 0,
      "26": 0,
      "27": 0,
      "28": 0,
      "29": 0,
      "30": 0,
      "31": 0,
      "32": 0,
      "33": 0,
      "34": 1,
      "35": 4,
      "36": 0,
      "37": 0,
      "38": 0,
      "39": 0,
      "40": 0,
      "41": 4,
      "42": 3,
      "43": 1,
      "44": 1,
      "45": 1,
      "46": 1,
      "47": 3,
      "48": 2,
      "49": 2,
      "50": 2,
      "51": 2,
      "52": 2,
      "53": 3,
      "54": 0,
      "55": 0,
      "56": 0,
      "57": 0,
      "58": 3,
      "59": 4,
      "60": 4,
      "61": 4,
      "62": 2,
      "63": 0,
      "64": 0,
      "65": 0,
      "66": 0,
      "67": 0,
      "68": 0,
      "69": 0,
      "70": 0,
      "71": 0,
      "72": 2
    },
    "f": { "0": 4, "1": 0 },
    "b": {
      "0": [1],
      "1": [4, 3],
      "2": [1, 3],
      "3": [4, 4],
      "4": [1],
      "5": [0],
      "6": [0],
      "7": [4, 0],
      "8": [0],
      "9": [1],
      "10": [1, 0, 0],
      "11": [1],
      "12": [1],
      "13": [0],
      "14": [0],
      "15": [0],
      "16": [0],
      "17": [0],
      "18": [0],
      "19": [0],
      "20": [0, 0],
      "21": [0, 0],
      "22": [3],
      "23": [1],
      "24": [3, 1],
      "25": [0, 3],
      "26": [3, 3],
      "27": [0, 3],
      "28": [3, 3],
      "29": [0, 3],
      "30": [3, 3],
      "31": [0, 1],
      "32": [1, 1],
      "33": [0, 1],
      "34": [1, 1],
      "35": [0, 1],
      "36": [1, 1],
      "37": [1],
      "38": [1, 1],
      "39": [0, 1],
      "40": [1, 1],
      "41": [0, 1],
      "42": [1, 1],
      "43": [0, 1],
      "44": [1, 1],
      "45": [0, 1],
      "46": [1, 1],
      "47": [1],
      "48": [0, 1],
      "49": [1, 1],
      "50": [0, 1],
      "51": [1, 1],
      "52": [0, 1],
      "53": [1, 1],
      "54": [0, 1],
      "55": [1, 1],
      "56": [2],
      "57": [0, 3],
      "58": [3, 3],
      "59": [0, 3],
      "60": [3, 3],
      "61": [0, 3],
      "62": [3, 3],
      "63": [2],
      "64": [2],
      "65": [0],
      "66": [0, 3],
      "67": [3, 3],
      "68": [0, 3],
      "69": [3, 3],
      "70": [0, 3],
      "71": [3, 3],
      "72": [0],
      "73": [0],
      "74": [0]
    }
  },
  "/Users/blakewilson/wpengine/faustjs/packages/faustwp-core/src/getWordPressProps.tsx": {
    "path": "/Users/blakewilson/wpengine/faustjs/packages/faustwp-core/src/getWordPressProps.tsx",
    "statementMap": {
      "0": {
        "start": { "line": 3, "column": 0 },
        "end": { "line": 3, "column": 62 }
      },
      "1": {
        "start": { "line": 4, "column": 0 },
        "end": { "line": 4, "column": 69 }
      },
      "2": {
        "start": { "line": 6, "column": 0 },
        "end": { "line": 6, "column": 62 }
      },
      "3": {
        "start": { "line": 7, "column": 0 },
        "end": { "line": 7, "column": 46 }
      },
      "4": {
        "start": { "line": 8, "column": 0 },
        "end": { "line": 8, "column": 43 }
      },
      "5": {
        "start": { "line": 9, "column": 0 },
        "end": { "line": 9, "column": 51 }
      },
      "6": {
        "start": { "line": 11, "column": 13 },
        "end": { "line": 11, "column": 46 }
      },
      "7": {
        "start": { "line": 16, "column": 2 },
        "end": { "line": 16, "column": 62 }
      },
      "8": {
        "start": { "line": 51, "column": 24 },
        "end": { "line": 51, "column": 35 }
      },
      "9": {
        "start": { "line": 53, "column": 2 },
        "end": { "line": 55, "column": null }
      },
      "10": {
        "start": { "line": 54, "column": 4 },
        "end": { "line": 54, "column": 79 }
      },
      "11": {
[...]
        "end": { "line": 2, "column": 9 }
      },
      "6": {
        "start": { "line": 2, "column": 9 },
        "end": { "line": 2, "column": 37 }
      }
    },
    "fnMap": {
      "0": {
        "name": "(anonymous_0)",
        "decl": {
          "start": { "line": 1, "column": 9 },
          "end": { "line": 1, "column": 17 }
        },
        "loc": {
          "start": { "line": 1, "column": 9 },
          "end": { "line": 1, "column": 19 }
        }
      },
      "1": {
        "name": "(anonymous_1)",
        "decl": {
          "start": { "line": 1, "column": 19 },
          "end": { "line": 1, "column": 27 }
        },
        "loc": {
          "start": { "line": 1, "column": 19 },
          "end": { "line": 1, "column": 29 }
        }
      },
      "2": {
        "name": "(anonymous_2)",
        "decl": {
          "start": { "line": 1, "column": 29 },
          "end": { "line": 1, "column": 36 }
        },
        "loc": {
          "start": { "line": 1, "column": 29 },
          "end": { "line": 1, "column": 38 }
        }
      },
      "3": {
        "name": "(anonymous_3)",
        "decl": {
          "start": { "line": 1, "column": 38 },
          "end": { "line": 1, "column": 45 }
        },
        "loc": {
          "start": { "line": 1, "column": 38 },
          "end": { "line": 1, "column": 64 }
        }
      },
      "4": {
        "name": "(anonymous_4)",
        "decl": {
          "start": { "line": 2, "column": 9 },
          "end": { "line": 2, "column": 15 }
        },
        "loc": {
          "start": { "line": 2, "column": 9 },
          "end": { "line": 2, "column": 37 }
        }
      }
    },
    "branchMap": {},
    "s": { "0": 1, "1": 2, "2": 5, "3": 1, "4": 1, "5": 1, "6": 1 },
    "f": { "0": 1, "1": 4, "2": 0, "3": 0, "4": 0 },
    "b": {}
  },
  "/Users/blakewilson/wpengine/faustjs/packages/faustwp-cli/src/stdout/log.ts": {
    "path": "/Users/blakewilson/wpengine/faustjs/packages/faustwp-cli/src/stdout/log.ts",
    "statementMap": {
      "0": {
        "start": { "line": 1, "column": 0 },
        "end": { "line": 1, "column": 44 }
      },
      "1": {
        "start": { "line": 2, "column": 0 },
        "end": { "line": 2, "column": 37 }
      },
      "2": {
        "start": { "line": 4, "column": 19 },
        "end": { "line": 35, "column": 1 }
      },
      "3": {
        "start": { "line": 9, "column": 23 },
        "end": { "line": 9, "column": 25 }
      },
      "4": {
        "start": { "line": 11, "column": 2 },
        "end": { "line": 31, "column": null }
      },
      "5": {
        "start": { "line": 13, "column": 6 },
        "end": { "line": 13, "column": 43 }
      },
      "6": {
        "start": { "line": 14, "column": 6 },
        "end": { "line": 14, "column": 12 }
      },
      "7": {
        "start": { "line": 17, "column": 6 },
        "end": { "line": 17, "column": 43 }
      },
      "8": {
        "start": { "line": 18, "column": 6 },
        "end": { "line": 18, "column": 12 }
      },
      "9": {
        "start": { "line": 21, "column": 6 },
        "end": { "line": 21, "column": 45 }
      },
      "10": {
        "start": { "line": 22, "column": 6 },
        "end": { "line": 22, "column": 12 }
      },
      "11": {
        "start": { "line": 25, "column": 6 },
        "end": { "line": 25, "column": 45 }
      },
      "12": {
        "start": { "line": 26, "column": 6 },
        "end": { "line": 26, "column": 12 }
      },
      "13": {
        "start": { "line": 29, "column": 6 },
        "end": { "line": 29, "column": 12 }
      },
      "14": {
        "start": { "line": 34, "column": 2 },
        "end": { "line": 34, "column": 57 }
      },
      "15": {
        "start": { "line": 4, "column": 13 },
        "end": { "line": 4, "column": 19 }
      },
      "16": {
        "start": { "line": 37, "column": 23 },
        "end": { "line": 40, "column": 1 }
      },
      "17": {
        "start": { "line": 39, "column": 2 },
        "end": { "line": 39, "column": 32 }
      },
      "18": {
        "start": { "line": 37, "column": 13 },
        "end": { "line": 37, "column": 23 }
      },
      "19": {
        "start": { "line": 42, "column": 23 },
        "end": { "line": 45, "column": 1 }
      },
      "20": {
        "start": { "line": 44, "column": 2 },
        "end": { "line": 44, "column": 32 }
      },
      "21": {
        "start": { "line": 42, "column": 13 },
        "end": { "line": 42, "column": 23 }
      },
      "22": {
        "start": { "line": 47, "column": 24 },
        "end": { "line": 50, "column": 1 }
      },
      "23": {
        "start": { "line": 49, "column": 2 },
        "end": { "line": 49, "column": 33 }
      },
      "24": {
        "start": { "line": 47, "column": 13 },
        "end": { "line": 47, "column": 24 }
      },
      "25": {
        "start": { "line": 52, "column": 24 },
        "end": { "line": 59, "column": 1 }
      },
      "26": {
        "start": { "line": 53, "column": 2 },
        "end": { "line": 55, "column": null }
      },
      "27": {
        "start": { "line": 54, "column": 4 },
        "end": { "line": 54, "column": 11 }
      },
      "28": {
        "start": { "line": 58, "column": 2 },
        "end": { "line": 58, "column": 33 }
      },
      "29": {
        "start": { "line": 52, "column": 13 },
        "end": { "line": 52, "column": 24 }
      }
    },
    "fnMap": {
      "0": {
        "name": "(anonymous_0)",
        "decl": {
          "start": { "line": 4, "column": 19 },
          "end": { "line": 4, "column": null }
        },
        "loc": {
          "start": { "line": 8, "column": 4 },
          "end": { "line": 35, "column": 1 }
        }
      },
      "1": {
        "name": "(anonymous_1)",
        "decl": {
          "start": { "line": 37, "column": 23 },
          "end": { "line": 37, "column": 24 }
        },
        "loc": {
          "start": { "line": 37, "column": 57 },
          "end": { "line": 40, "column": 1 }
        }
      },
      "2": {
        "name": "(anonymous_2)",
        "decl": {
          "start": { "line": 42, "column": 23 },
          "end": { "line": 42, "column": 24 }
        },
        "loc": {
          "start": { "line": 42, "column": 57 },
          "end": { "line": 45, "column": 1 }
        }
      },
      "3": {
        "name": "(anonymous_3)",
        "decl": {
          "start": { "line": 47, "column": 24 },
          "end": { "line": 47, "column": 25 }
        },
        "loc": {
          "start": { "line": 47, "column": 58 },
          "end": { "line": 50, "column": 1 }
        }
      },
      "4": {
        "name": "(anonymous_4)",
        "decl": {
          "start": { "line": 52, "column": 24 },
          "end": { "line": 52, "column": 25 }
        },
        "loc": {
          "start": { "line": 52, "column": 58 },
          "end": { "line": 59, "column": 1 }
        }
      }
    },
    "branchMap": {
      "0": {
        "loc": {
          "start": { "line": 11, "column": 2 },
          "end": { "line": 31, "column": null }
        },
        "type": "switch",
        "locations": [
          {
            "start": { "line": 12, "column": 4 },
            "end": { "line": 15, "column": null }
          },
          {
            "start": { "line": 16, "column": 4 },
            "end": { "line": 19, "column": null }
          },
          {
            "start": { "line": 20, "column": 4 },
            "end": { "line": 23, "column": null }
          },
          {
            "start": { "line": 24, "column": 4 },
            "end": { "line": 27, "column": null }
          },
          {
            "start": { "line": 28, "column": 4 },
            "end": { "line": 30, "column": null }
          }
        ]
      },
      "1": {
        "loc": {
          "start": { "line": 53, "column": 2 },
          "end": { "line": 55, "column": null }
        },
        "type": "if",
        "locations": [
          {
            "start": { "line": 53, "column": 2 },
            "end": { "line": 55, "column": null }
          }
        ]
      }
    },
    "s": {
      "0": 1,
      "1": 1,
      "2": 1,
      "3": 4,
      "4": 4,
      "5": 0,
      "6": 0,
      "7": 0,
      "8": 0,
      "9": 4,
      "10": 4,
      "11": 0,
      "12": 0,
      "13": 0,
      "14": 4,
      "15": 1,
      "16": 1,
      "17": 0,
      "18": 1,
      "19": 1,
      "20": 0,
      "21": 1,
      "22": 1,
      "23": 4,
      "24": 1,
      "25": 1,
      "26": 1,
      "27": 1,
      "28": 0,
      "29": 1
    },
    "f": { "0": 4, "1": 0, "2": 0, "3": 4, "4": 1 },
    "b": { "0": [0, 0, 4, 0, 0], "1": [1] }
  },
  "/Users/blakewilson/wpengine/faustjs/packages/faustwp-cli/src/stdout/styles.ts": {
    "path": "/Users/blakewilson/wpengine/faustjs/packages/faustwp-cli/src/stdout/styles.ts",
    "statementMap": {
      "0": {
        "start": { "line": 1, "column": 0 },
        "end": { "line": 1, "column": 26 }
      },
      "1": {
        "start": { "line": 3, "column": 13 },
        "end": { "line": 10, "column": 2 }
      }
    },
    "fnMap": {},
    "branchMap": {},
    "s": { "0": 1, "1": 1 },
    "f": {},
    "b": {}
  },
  "/Users/blakewilson/wpengine/faustjs/packages/faustwp-cli/src/utils/getCliArgs.ts": {
    "path": "/Users/blakewilson/wpengine/faustjs/packages/faustwp-cli/src/utils/getCliArgs.ts",
    "statementMap": {
      "0": {
        "start": { "line": 4, "column": 26 },
        "end": { "line": 4, "column": 78 }
      },
      "1": {
        "start": { "line": 4, "column": 32 },
        "end": { "line": 4, "column": 78 }
      },
      "2": {
        "start": { "line": 4, "column": 68 },
        "end": { "line": 4, "column": 77 }
      },
      "3": {
        "start": { "line": 4, "column": 13 },
        "end": { "line": 4, "column": 26 }
      }
    },
    "fnMap": {
      "0": {
        "name": "(anonymous_0)",
        "decl": {
          "start": { "line": 4, "column": 26 },
          "end": { "line": 4, "column": 29 }
        },
        "loc": {
          "start": { "line": 4, "column": 32 },
          "end": { "line": 4, "column": 78 }
        }
      },
      "1": {
        "name": "(anonymous_1)",
        "decl": {
          "start": { "line": 4, "column": 52 },
          "end": { "line": 4, "column": 53 }
        },
        "loc": {
          "start": { "line": 4, "column": 68 },
          "end": { "line": 4, "column": 77 }
        }
      }
    },
    "branchMap": {},
    "s": { "0": 5, "1": 0, "2": 0, "3": 5 },
    "f": { "0": 0, "1": 0 },
    "b": {}
  },
  "/Users/blakewilson/wpengine/faustjs/packages/faustwp-cli/src/utils/getGraphqlEndpoint.ts": {
    "path": "/Users/blakewilson/wpengine/faustjs/packages/faustwp-cli/src/utils/getGraphqlEndpoint.ts",
    "statementMap": {
      "0": {
        "start": { "line": 1, "column": 0 },
        "end": { "line": 1, "column": 41 }
      },
      "1": {
        "start": { "line": 7, "column": 16 },
        "end": { "line": 7, "column": 26 }
      },
      "2": {
        "start": { "line": 11, "column": 2 },
        "end": { "line": 11, "column": 38 }
      },
      "3": {
        "start": { "line": 6, "column": 0 },
        "end": { "line": 6, "column": 16 }
      }
    },
    "fnMap": {
      "0": {
        "name": "getGraphqlEndpoint",
        "decl": {
          "start": { "line": 6, "column": 16 },
          "end": { "line": 6, "column": 34 }
        },
        "loc": {
          "start": { "line": 6, "column": 34 },
          "end": { "line": 12, "column": 1 }
        }
      }
    },
    "branchMap": {},
    "s": { "0": 5, "1": 7, "2": 7, "3": 5 },
    "f": { "0": 7 },
    "b": {}
  },
  "/Users/blakewilson/wpengine/faustjs/packages/faustwp-cli/src/utils/getWpSecret.ts": {
    "path": "/Users/blakewilson/wpengine/faustjs/packages/faustwp-cli/src/utils/getWpSecret.ts",
    "statementMap": {
      "0": {
        "start": { "line": 5, "column": 2 },
        "end": { "line": 5, "column": 72 }
      },
      "1": {
        "start": { "line": 4, "column": 0 },
        "end": { "line": 4, "column": 16 }
      }
    },
    "fnMap": {
      "0": {
        "name": "getWpSecret",
        "decl": {
          "start": { "line": 4, "column": 16 },
          "end": { "line": 4, "column": 27 }
        },
        "loc": {
          "start": { "line": 4, "column": 27 },
          "end": { "line": 6, "column": 1 }
        }
      }
    },
    "branchMap": {
      "0": {
        "loc": {
          "start": { "line": 5, "column": 9 },
          "end": { "line": 5, "column": 71 }
        },
        "type": "binary-expr",
        "locations": [
          {
            "start": { "line": 5, "column": 9 },
            "end": { "line": 5, "column": 37 }
          },
          {
            "start": { "line": 5, "column": 41 },
            "end": { "line": 5, "column": 71 }
          }
        ]
      }
    },
    "s": { "0": 2, "1": 5 },
    "f": { "0": 2 },
    "b": { "0": [2, 0] }
  },
  "/Users/blakewilson/wpengine/faustjs/packages/faustwp-cli/src/utils/getWpUrl.ts": {
    "path": "/Users/blakewilson/wpengine/faustjs/packages/faustwp-cli/src/utils/getWpUrl.ts",
    "statementMap": {
      "0": {
        "start": { "line": 1, "column": 0 },
        "end": { "line": 1, "column": 34 }
      },
      "1": {
        "start": { "line": 7, "column": 16 },
        "end": { "line": 7, "column": 64 }
      },
      "2": {
        "start": { "line": 9, "column": 2 },
        "end": { "line": 11, "column": null }
      },
      "3": {
        "start": { "line": 10, "column": 4 },
        "end": { "line": 10, "column": 17 }
      },
      "4": {
        "start": { "line": 13, "column": 2 },
        "end": { "line": 13, "column": 39 }
      },
      "5": {
        "start": { "line": 6, "column": 0 },
        "end": { "line": 6, "column": 16 }
      }
    },
    "fnMap": {
      "0": {
        "name": "getWpUrl",
        "decl": {
          "start": { "line": 6, "column": 16 },
          "end": { "line": 6, "column": 24 }
        },
        "loc": {
          "start": { "line": 6, "column": 34 },
          "end": { "line": 14, "column": 1 }
        }
      }
    },
    "branchMap": {
      "0": {
        "loc": {
          "start": { "line": 6, "column": 25 },
          "end": { "line": 6, "column": 34 }
        },
        "type": "default-arg",
        "locations": [
          {
            "start": { "line": 6, "column": 32 },
            "end": { "line": 6, "column": 34 }
          }
        ]
      },
      "1": {
        "loc": {
          "start": { "line": 9, "column": 2 },
          "end": { "line": 11, "column": null }
        },
        "type": "if",
        "locations": [
          {
            "start": { "line": 9, "column": 2 },
            "end": { "line": 11, "column": null }
          }
        ]
      }
    },
    "s": { "0": 5, "1": 10, "2": 10, "3": 8, "4": 2, "5": 5 },
    "f": { "0": 10 },
    "b": { "0": [8], "1": [8] }
  },
  "/Users/blakewilson/wpengine/faustjs/packages/faustwp-cli/src/utils/index.ts": {
    "path": "/Users/blakewilson/wpengine/faustjs/packages/faustwp-cli/src/utils/index.ts",
    "statementMap": {
      "0": {
        "start": { "line": 1, "column": 0 },
        "end": { "line": 1, "column": 9 }
      },
      "1": {
        "start": { "line": 1, "column": 9 },
        "end": { "line": 1, "column": 45 }
      },
      "2": {
        "start": { "line": 2, "column": 0 },
        "end": { "line": 2, "column": 9 }
      },
      "3": {
        "start": { "line": 2, "column": 9 },
        "end": { "line": 2, "column": 39 }
      },
      "4": {
        "start": { "line": 3, "column": 0 },
        "end": { "line": 3, "column": 9 }
      },
      "5": {
        "start": { "line": 3, "column": 9 },
        "end": { "line": 3, "column": 47 }
      },
      "6": {
        "start": { "line": 4, "column": 0 },
        "end": { "line": 4, "column": 9 }
      },
      "7": {
        "start": { "line": 4, "column": 9 },
        "end": { "line": 4, "column": 41 }
      },
      "8": {
        "start": { "line": 5, "column": 0 },
        "end": { "line": 5, "column": 9 }
      },
      "9": {
        "start": { "line": 5, "column": 9 },
        "end": { "line": 5, "column": 61 }
      }
    },
    "fnMap": {
      "0": {
        "name": "(anonymous_0)",
        "decl": {
          "start": { "line": 1, "column": 9 },
          "end": { "line": 1, "column": 19 }
        },
        "loc": {
          "start": { "line": 1, "column": 9 },
          "end": { "line": 1, "column": 45 }
        }
      },
      "1": {
        "name": "(anonymous_1)",
        "decl": {
          "start": { "line": 2, "column": 9 },
          "end": { "line": 2, "column": 16 }
        },
        "loc": {
          "start": { "line": 2, "column": 9 },
          "end": { "line": 2, "column": 39 }
        }
      },
      "2": {
        "name": "(anonymous_2)",
        "decl": {
          "start": { "line": 3, "column": 9 },
          "end": { "line": 3, "column": 20 }
        },
        "loc": {
          "start": { "line": 3, "column": 9 },
          "end": { "line": 3, "column": 47 }
        }
      },
      "3": {
        "name": "(anonymous_3)",
        "decl": {
          "start": { "line": 4, "column": 9 },
          "end": { "line": 4, "column": 17 }
        },
        "loc": {
          "start": { "line": 4, "column": 9 },
          "end": { "line": 4, "column": 41 }
        }
      },
      "4": {
        "name": "(anonymous_4)",
        "decl": {
          "start": { "line": 5, "column": 9 },
          "end": { "line": 5, "column": 27 }
        },
        "loc": {
          "start": { "line": 5, "column": 9 },
          "end": { "line": 5, "column": 61 }
        }
      }
    },
    "branchMap": {},
    "s": {
      "0": 5,
      "1": 5,
      "2": 5,
      "3": 12,
      "4": 5,
      "5": 7,
      "6": 5,
      "7": 8,
      "8": 5,
      "9": 12
    },
    "f": { "0": 0, "1": 7, "2": 2, "3": 3, "4": 7 },
    "b": {}
  },
  "/Users/blakewilson/wpengine/faustjs/packages/faustwp-cli/src/utils/isDebug.ts": {
    "path": "/Users/blakewilson/wpengine/faustjs/packages/faustwp-cli/src/utils/isDebug.ts",
    "statementMap": {
      "0": {
        "start": { "line": 2, "column": 24 },
        "end": { "line": 2, "column": 47 }
      },
      "1": {
        "start": { "line": 4, "column": 2 },
        "end": { "line": 6, "column": null }
      },
      "2": {
        "start": { "line": 5, "column": 4 },
        "end": { "line": 5, "column": 16 }
      },
      "3": {
        "start": { "line": 8, "column": 2 },
        "end": { "line": 8, "column": 15 }
      },
      "4": {
        "start": { "line": 1, "column": 0 },
        "end": { "line": 1, "column": 16 }
      }
    },
    "fnMap": {
      "0": {
        "name": "isDebug",
        "decl": {
          "start": { "line": 1, "column": 16 },
          "end": { "line": 1, "column": 23 }
        },
        "loc": {
          "start": { "line": 1, "column": 23 },
          "end": { "line": 9, "column": 1 }
        }
      }
    },
    "branchMap": {
      "0": {
        "loc": {
          "start": { "line": 4, "column": 2 },
          "end": { "line": 6, "column": null }
        },
        "type": "if",
        "locations": [
          {
            "start": { "line": 4, "column": 2 },
            "end": { "line": 6, "column": null }
          }
        ]
      },
      "1": {
        "loc": {
          "start": { "line": 4, "column": 6 },
          "end": { "line": 4, "column": 55 }
        },
        "type": "binary-expr",
        "locations": [
          {
            "start": { "line": 4, "column": 6 },
            "end": { "line": 4, "column": 30 }
          },
          {
            "start": { "line": 4, "column": 34 },
            "end": { "line": 4, "column": 55 }
          }
        ]
      }
    },
    "s": { "0": 7, "1": 7, "2": 2, "3": 5, "4": 5 },
    "f": { "0": 7 },
    "b": { "0": [2], "1": [7, 6] }
  }
}
