{"/Users/blakewilson/wpengine/faustjs/packages/faust-nx/src/auth/authorize.ts": {"path":"/Users/blakewilson/wpengine/faustjs/packages/faust-nx/src/auth/authorize.ts","statementMap":{"0":{"start":{"line":1,"column":0},"end":{"line":1,"column":26}},"1":{"start":{"line":2,"column":0},"end":{"line":2,"column":42}},"2":{"start":{"line":3,"column":0},"end":{"line":3,"column":46}},"3":{"start":{"line":4,"column":0},"end":{"line":4,"column":66}},"4":{"start":{"line":5,"column":0},"end":{"line":5,"column":59}},"5":{"start":{"line":26,"column":16},"end":{"line":26,"column":26}},"6":{"start":{"line":27,"column":40},"end":{"line":27,"column":53}},"7":{"start":{"line":31,"column":4},"end":{"line":33,"column":17}},"8":{"start":{"line":35,"column":62},"end":{"line":35,"column":64}},"9":{"start":{"line":37,"column":2},"end":{"line":41,"column":null}},"10":{"start":{"line":38,"column":4},"end":{"line":40,"column":8}},"11":{"start":{"line":43,"column":2},"end":{"line":45,"column":null}},"12":{"start":{"line":44,"column":4},"end":{"line":44,"column":38}},"13":{"start":{"line":47,"column":16},"end":{"line":47,"column":44}},"14":{"start":{"line":49,"column":2},"end":{"line":51,"column":null}},"15":{"start":{"line":50,"column":4},"end":{"line":50,"column":24}},"16":{"start":{"line":53,"column":2},"end":{"line":59,"column":null}},"17":{"start":{"line":54,"column":4},"end":{"line":58,"column":6}},"18":{"start":{"line":61,"column":2},"end":{"line":61,"column":14}},"19":{"start":{"line":21,"column":0},"end":{"line":21,"column":7}}},"fnMap":{"0":{"name":"ensureAuthorization","decl":{"start":{"line":21,"column":22},"end":{"line":21,"column":41}},"loc":{"start":{"line":22,"column":38},"end":{"line":62,"column":1}}}},"branchMap":{"0":{"loc":{"start":{"line":27,"column":40},"end":{"line":27,"column":53}},"type":"binary-expr","locations":[{"start":{"line":27,"column":40},"end":{"line":27,"column":47}},{"start":{"line":27,"column":51},"end":{"line":27,"column":53}}]},"1":{"loc":{"start":{"line":31,"column":4},"end":{"line":33,"column":17}},"type":"cond-expr","locations":[{"start":{"line":32,"column":8},"end":{"line":32,"column":51}},{"start":{"line":33,"column":8},"end":{"line":33,"column":17}}]},"2":{"loc":{"start":{"line":37,"column":2},"end":{"line":41,"column":null}},"type":"if","locations":[{"start":{"line":37,"column":2},"end":{"line":41,"column":null}}]},"3":{"loc":{"start":{"line":43,"column":2},"end":{"line":45,"column":null}},"type":"if","locations":[{"start":{"line":43,"column":2},"end":{"line":45,"column":null}}]},"4":{"loc":{"start":{"line":49,"column":2},"end":{"line":51,"column":null}},"type":"if","locations":[{"start":{"line":49,"column":2},"end":{"line":51,"column":null}}]},"5":{"loc":{"start":{"line":53,"column":2},"end":{"line":59,"column":null}},"type":"if","locations":[{"start":{"line":53,"column":2},"end":{"line":59,"column":null}}]}},"s":{"0":1,"1":1,"2":1,"3":1,"4":1,"5":3,"6":3,"7":3,"8":3,"9":3,"10":1,"11":3,"12":1,"13":3,"14":3,"15":2,"16":1,"17":0,"18":1,"19":1},"f":{"0":3},"b":{"0":[3,1],"1":[0,3],"2":[1],"3":[1],"4":[2],"5":[0]}}
,"/Users/blakewilson/wpengine/faustjs/packages/faust-nx/src/auth/client/accessToken.ts": {"path":"/Users/blakewilson/wpengine/faustjs/packages/faust-nx/src/auth/client/accessToken.ts","statementMap":{"0":{"start":{"line":1,"column":0},"end":{"line":1,"column":null}},"1":{"start":{"line":5,"column":0},"end":{"line":5,"column":52}},"2":{"start":{"line":6,"column":0},"end":{"line":6,"column":42}},"3":{"start":{"line":31,"column":13},"end":{"line":31,"column":58}},"4":{"start":{"line":36,"column":36},"end":{"line":36,"column":45}},"5":{"start":{"line":39,"column":2},"end":{"line":39,"column":25}},"6":{"start":{"line":38,"column":0},"end":{"line":38,"column":16}},"7":{"start":{"line":43,"column":2},"end":{"line":43,"column":26}},"8":{"start":{"line":42,"column":0},"end":{"line":42,"column":16}},"9":{"start":{"line":57,"column":2},"end":{"line":57,"column":28}},"10":{"start":{"line":56,"column":0},"end":{"line":56,"column":16}},"11":{"start":{"line":66,"column":2},"end":{"line":66,"column":33}},"12":{"start":{"line":65,"column":0},"end":{"line":65,"column":16}},"13":{"start":{"line":81,"column":2},"end":{"line":83,"column":null}},"14":{"start":{"line":82,"column":4},"end":{"line":82,"column":11}},"15":{"start":{"line":85,"column":2},"end":{"line":88,"column":4}},"16":{"start":{"line":77,"column":0},"end":{"line":77,"column":16}},"17":{"start":{"line":98,"column":31},"end":{"line":98,"column":60}},"18":{"start":{"line":99,"column":41},"end":{"line":99,"column":67}},"19":{"start":{"line":102,"column":2},"end":{"line":104,"column":null}},"20":{"start":{"line":103,"column":4},"end":{"line":103,"column":11}},"21":{"start":{"line":107,"column":4},"end":{"line":107,"column":57}},"22":{"start":{"line":109,"column":4},"end":{"line":109,"column":68}},"23":{"start":{"line":111,"column":2},"end":{"line":113,"column":4}},"24":{"start":{"line":112,"column":21},"end":{"line":112,"column":44}},"25":{"start":{"line":97,"column":0},"end":{"line":97,"column":16}},"26":{"start":{"line":120,"column":16},"end":{"line":120,"column":33}},"27":{"start":{"line":121,"column":2},"end":{"line":123,"column":null}},"28":{"start":{"line":122,"column":4},"end":{"line":122,"column":24}},"29":{"start":{"line":119,"column":0},"end":{"line":119,"column":16}},"30":{"start":{"line":133,"column":12},"end":{"line":133,"column":69}},"31":{"start":{"line":136,"column":2},"end":{"line":138,"column":null}},"32":{"start":{"line":137,"column":4},"end":{"line":137,"column":27}},"33":{"start":{"line":140,"column":2},"end":{"line":175,"column":null}},"34":{"start":{"line":141,"column":21},"end":{"line":146,"column":6}},"35":{"start":{"line":148,"column":20},"end":{"line":148,"column":41}},"36":{"start":{"line":154,"column":4},"end":{"line":157,"column":null}},"37":{"start":{"line":155,"column":6},"end":{"line":155,"column":43}},"38":{"start":{"line":156,"column":6},"end":{"line":156,"column":18}},"39":{"start":{"line":159,"column":4},"end":{"line":159,"column":69}},"40":{"start":{"line":162,"column":4},"end":{"line":162,"column":35}},"41":{"start":{"line":168,"column":4},"end":{"line":168,"column":33}},"42":{"start":{"line":170,"column":4},"end":{"line":170,"column":30}},"43":{"start":{"line":172,"column":4},"end":{"line":172,"column":41}},"44":{"start":{"line":174,"column":4},"end":{"line":174,"column":16}},"45":{"start":{"line":132,"column":0},"end":{"line":132,"column":7}}},"fnMap":{"0":{"name":"getRefreshTimer","decl":{"start":{"line":38,"column":16},"end":{"line":38,"column":31}},"loc":{"start":{"line":38,"column":31},"end":{"line":40,"column":1}}},"1":{"name":"setRefreshTimer","decl":{"start":{"line":42,"column":16},"end":{"line":42,"column":31}},"loc":{"start":{"line":42,"column":51},"end":{"line":44,"column":1}}},"2":{"name":"getAccessToken","decl":{"start":{"line":56,"column":16},"end":{"line":56,"column":30}},"loc":{"start":{"line":56,"column":30},"end":{"line":58,"column":1}}},"3":{"name":"getAccessTokenExpiration","decl":{"start":{"line":65,"column":16},"end":{"line":65,"column":40}},"loc":{"start":{"line":65,"column":40},"end":{"line":67,"column":1}}},"4":{"name":"setAccessToken","decl":{"start":{"line":77,"column":16},"end":{"line":77,"column":30}},"loc":{"start":{"line":79,"column":32},"end":{"line":89,"column":1}}},"5":{"name":"setAccessTokenRefreshTimer","decl":{"start":{"line":97,"column":16},"end":{"line":97,"column":42}},"loc":{"start":{"line":97,"column":42},"end":{"line":114,"column":1}}},"6":{"name":"(anonymous_7)","decl":{"start":{"line":112,"column":15},"end":{"line":112,"column":18}},"loc":{"start":{"line":112,"column":21},"end":{"line":112,"column":44}}},"7":{"name":"clearAccessTokenRefreshTimer","decl":{"start":{"line":119,"column":16},"end":{"line":119,"column":44}},"loc":{"start":{"line":119,"column":44},"end":{"line":124,"column":1}}},"8":{"name":"fetchAccessToken","decl":{"start":{"line":132,"column":22},"end":{"line":132,"column":38}},"loc":{"start":{"line":132,"column":52},"end":{"line":176,"column":1}}}},"branchMap":{"0":{"loc":{"start":{"line":57,"column":9},"end":{"line":57,"column":27}},"type":"cond-expr","locations":[{"start":{"line":57,"column":20},"end":{"line":57,"column":22}},{"start":{"line":57,"column":9},"end":{"line":57,"column":27}}]},"1":{"loc":{"start":{"line":57,"column":9},"end":{"line":57,"column":22}},"type":"binary-expr","locations":[{"start":{"line":57,"column":9},"end":{"line":57,"column":22}},{"start":{"line":57,"column":9},"end":{"line":57,"column":22}}]},"2":{"loc":{"start":{"line":66,"column":9},"end":{"line":66,"column":32}},"type":"cond-expr","locations":[{"start":{"line":66,"column":20},"end":{"line":66,"column":22}},{"start":{"line":66,"column":9},"end":{"line":66,"column":32}}]},"3":{"loc":{"start":{"line":66,"column":9},"end":{"line":66,"column":22}},"type":"binary-expr","locations":[{"start":{"line":66,"column":9},"end":{"line":66,"column":22}},{"start":{"line":66,"column":9},"end":{"line":66,"column":22}}]},"4":{"loc":{"start":{"line":81,"column":2},"end":{"line":83,"column":null}},"type":"if","locations":[{"start":{"line":81,"column":2},"end":{"line":83,"column":null}}]},"5":{"loc":{"start":{"line":102,"column":2},"end":{"line":104,"column":null}},"type":"if","locations":[{"start":{"line":102,"column":2},"end":{"line":104,"column":null}}]},"6":{"loc":{"start":{"line":121,"column":2},"end":{"line":123,"column":null}},"type":"if","locations":[{"start":{"line":121,"column":2},"end":{"line":123,"column":null}}]},"7":{"loc":{"start":{"line":136,"column":2},"end":{"line":138,"column":null}},"type":"if","locations":[{"start":{"line":136,"column":2},"end":{"line":138,"column":null}}]},"8":{"loc":{"start":{"line":136,"column":6},"end":{"line":136,"column":39}},"type":"binary-expr","locations":[{"start":{"line":136,"column":6},"end":{"line":136,"column":20}},{"start":{"line":136,"column":24},"end":{"line":136,"column":39}}]},"9":{"loc":{"start":{"line":154,"column":4},"end":{"line":157,"column":null}},"type":"if","locations":[{"start":{"line":154,"column":4},"end":{"line":157,"column":null}}]}},"s":{"0":9,"1":9,"2":9,"3":9,"4":9,"5":9,"6":9,"7":4,"8":9,"9":5,"10":9,"11":11,"12":9,"13":11,"14":3,"15":8,"16":9,"17":7,"18":7,"19":7,"20":3,"21":4,"22":4,"23":4,"24":1,"25":9,"26":7,"27":7,"28":1,"29":9,"30":9,"31":9,"32":1,"33":9,"34":9,"35":9,"36":7,"37":0,"38":0,"39":7,"40":7,"41":7,"42":7,"43":2,"44":2,"45":9},"f":{"0":9,"1":4,"2":5,"3":11,"4":11,"5":7,"6":1,"7":7,"8":9},"b":{"0":[1,4],"1":[5,5],"2":[2,9],"3":[11,11],"4":[3],"5":[3],"6":[1],"7":[1],"8":[9,1],"9":[0]}}
,"/Users/blakewilson/wpengine/faustjs/packages/faust-nx/src/config/index.ts": {"path":"/Users/blakewilson/wpengine/faustjs/packages/faust-nx/src/config/index.ts","statementMap":{"0":{"start":{"line":9,"column":13},"end":{"line":9,"column":15}},"1":{"start":{"line":12,"column":2},"end":{"line":12,"column":19}},"2":{"start":{"line":11,"column":0},"end":{"line":11,"column":16}},"3":{"start":{"line":16,"column":2},"end":{"line":16,"column":16}},"4":{"start":{"line":15,"column":0},"end":{"line":15,"column":16}}},"fnMap":{"0":{"name":"setConfig","decl":{"start":{"line":11,"column":16},"end":{"line":11,"column":25}},"loc":{"start":{"line":11,"column":48},"end":{"line":13,"column":1}}},"1":{"name":"getConfig","decl":{"start":{"line":15,"column":16},"end":{"line":15,"column":25}},"loc":{"start":{"line":15,"column":25},"end":{"line":17,"column":1}}}},"branchMap":{},"s":{"0":11,"1":0,"2":11,"3":2,"4":11},"f":{"0":0,"1":2},"b":{}}
,"/Users/blakewilson/wpengine/faustjs/packages/faust-nx/src/lib/constants.ts": {"path":"/Users/blakewilson/wpengine/faustjs/packages/faust-nx/src/lib/constants.ts","statementMap":{"0":{"start":{"line":1,"column":13},"end":{"line":1,"column":50}},"1":{"start":{"line":2,"column":13},"end":{"line":2,"column":56}},"2":{"start":{"line":3,"column":13},"end":{"line":3,"column":58}}},"fnMap":{},"branchMap":{},"s":{"0":10,"1":10,"2":10},"f":{},"b":{}}
,"/Users/blakewilson/wpengine/faustjs/packages/faust-nx/src/lib/getWpSecret.ts": {"path":"/Users/blakewilson/wpengine/faustjs/packages/faust-nx/src/lib/getWpSecret.ts","statementMap":{"0":{"start":{"line":2,"column":2},"end":{"line":2,"column":40}},"1":{"start":{"line":1,"column":0},"end":{"line":1,"column":16}}},"fnMap":{"0":{"name":"getWpSecret","decl":{"start":{"line":1,"column":16},"end":{"line":1,"column":27}},"loc":{"start":{"line":1,"column":27},"end":{"line":3,"column":1}}}},"branchMap":{},"s":{"0":0,"1":3},"f":{"0":0},"b":{}}
,"/Users/blakewilson/wpengine/faustjs/packages/faust-nx/src/lib/getWpUrl.ts": {"path":"/Users/blakewilson/wpengine/faustjs/packages/faust-nx/src/lib/getWpUrl.ts","statementMap":{"0":{"start":{"line":2,"column":2},"end":{"line":2,"column":47}},"1":{"start":{"line":1,"column":0},"end":{"line":1,"column":16}}},"fnMap":{"0":{"name":"getWpUrl","decl":{"start":{"line":1,"column":16},"end":{"line":1,"column":24}},"loc":{"start":{"line":1,"column":24},"end":{"line":3,"column":1}}}},"branchMap":{},"s":{"0":2,"1":3},"f":{"0":2},"b":{}}
,"/Users/blakewilson/wpengine/faustjs/packages/faust-nx/src/server/index.ts": {"path":"/Users/blakewilson/wpengine/faustjs/packages/faust-nx/src/server/index.ts","statementMap":{"0":{"start":{"line":1,"column":0},"end":{"line":1,"column":33}},"1":{"start":{"line":2,"column":0},"end":{"line":2,"column":9}},"2":{"start":{"line":2,"column":9},"end":{"line":2,"column":27}},"3":{"start":{"line":2,"column":27},"end":{"line":2,"column":71}},"4":{"start":{"line":3,"column":0},"end":{"line":3,"column":34}}},"fnMap":{"0":{"name":"(anonymous_4)","decl":{"start":{"line":2,"column":9},"end":{"line":2,"column":25}},"loc":{"start":{"line":2,"column":9},"end":{"line":2,"column":27}}},"1":{"name":"(anonymous_5)","decl":{"start":{"line":2,"column":27},"end":{"line":2,"column":40}},"loc":{"start":{"line":2,"column":27},"end":{"line":2,"column":71}}}},"branchMap":{},"s":{"0":1,"1":1,"2":1,"3":1,"4":1},"f":{"0":0,"1":0},"b":{}}
,"/Users/blakewilson/wpengine/faustjs/packages/faust-nx/src/server/auth/cookie.ts": {"path":"/Users/blakewilson/wpengine/faustjs/packages/faust-nx/src/server/auth/cookie.ts","statementMap":{"0":{"start":{"line":1,"column":0},"end":{"line":1,"column":26}},"1":{"start":{"line":3,"column":0},"end":{"line":3,"column":42}},"2":{"start":{"line":4,"column":0},"end":{"line":4,"column":56}},"3":{"start":{"line":5,"column":0},"end":{"line":5,"column":66}},"4":{"start":{"line":15,"column":10},"end":{"line":15,"column":47}},"5":{"start":{"line":18,"column":4},"end":{"line":18,"column":23}},"6":{"start":{"line":19,"column":4},"end":{"line":19,"column":24}},"7":{"start":{"line":21,"column":4},"end":{"line":21,"column":67}},"8":{"start":{"line":33,"column":18},"end":{"line":33,"column":35}},"9":{"start":{"line":35,"column":4},"end":{"line":37,"column":null}},"10":{"start":{"line":36,"column":6},"end":{"line":36,"column":13}},"11":{"start":{"line":39,"column":21},"end":{"line":39,"column":58}},"12":{"start":{"line":41,"column":4},"end":{"line":41,"column":52}},"13":{"start":{"line":49,"column":20},"end":{"line":49,"column":null}},"14":{"start":{"line":50,"column":25},"end":{"line":51,"column":48}},"15":{"start":{"line":53,"column":21},"end":{"line":53,"column":71}},"16":{"start":{"line":54,"column":24},"end":{"line":54,"column":67}},"17":{"start":{"line":56,"column":4},"end":{"line":56,"column":36}},"18":{"start":{"line":58,"column":4},"end":{"line":61,"column":6}},"19":{"start":{"line":65,"column":4},"end":{"line":65,"column":29}},"20":{"start":{"line":67,"column":4},"end":{"line":72,"column":6}},"21":{"start":{"line":12,"column":0},"end":{"line":12,"column":13}}},"fnMap":{"0":{"name":"(anonymous_2)","decl":{"start":{"line":17,"column":2},"end":{"line":17,"column":14}},"loc":{"start":{"line":17,"column":56},"end":{"line":22,"column":3}}},"1":{"name":"(anonymous_3)","decl":{"start":{"line":29,"column":9},"end":{"line":29,"column":18}},"loc":{"start":{"line":31,"column":58},"end":{"line":42,"column":3}}},"2":{"name":"(anonymous_4)","decl":{"start":{"line":44,"column":9},"end":{"line":44,"column":18}},"loc":{"start":{"line":51,"column":50},"end":{"line":62,"column":3}}},"3":{"name":"(anonymous_5)","decl":{"start":{"line":64,"column":9},"end":{"line":64,"column":21}},"loc":{"start":{"line":64,"column":33},"end":{"line":73,"column":3}}}},"branchMap":{"0":{"loc":{"start":{"line":21,"column":32},"end":{"line":21,"column":65}},"type":"binary-expr","locations":[{"start":{"line":21,"column":32},"end":{"line":21,"column":59}},{"start":{"line":21,"column":63},"end":{"line":21,"column":65}}]},"1":{"loc":{"start":{"line":31,"column":4},"end":{"line":31,"column":58}},"type":"default-arg","locations":[{"start":{"line":31,"column":56},"end":{"line":31,"column":58}}]},"2":{"loc":{"start":{"line":31,"column":6},"end":{"line":31,"column":20}},"type":"default-arg","locations":[{"start":{"line":31,"column":16},"end":{"line":31,"column":20}}]},"3":{"loc":{"start":{"line":31,"column":22},"end":{"line":31,"column":36}},"type":"default-arg","locations":[{"start":{"line":31,"column":31},"end":{"line":31,"column":36}}]},"4":{"loc":{"start":{"line":35,"column":4},"end":{"line":37,"column":null}},"type":"if","locations":[{"start":{"line":35,"column":4},"end":{"line":37,"column":null}}]},"5":{"loc":{"start":{"line":39,"column":21},"end":{"line":39,"column":58}},"type":"cond-expr","locations":[{"start":{"line":39,"column":31},"end":{"line":39,"column":50}},{"start":{"line":39,"column":53},"end":{"line":39,"column":58}}]},"6":{"loc":{"start":{"line":41,"column":11},"end":{"line":41,"column":51}},"type":"cond-expr","locations":[{"start":{"line":41,"column":20},"end":{"line":41,"column":40}},{"start":{"line":41,"column":43},"end":{"line":41,"column":51}}]},"7":{"loc":{"start":{"line":47,"column":4},"end":{"line":51,"column":50}},"type":"default-arg","locations":[{"start":{"line":51,"column":48},"end":{"line":51,"column":50}}]},"8":{"loc":{"start":{"line":48,"column":6},"end":{"line":48,"column":20}},"type":"default-arg","locations":[{"start":{"line":48,"column":16},"end":{"line":48,"column":20}}]},"9":{"loc":{"start":{"line":49,"column":6},"end":{"line":49,"column":20}},"type":"default-arg","locations":[{"start":{"line":49,"column":15},"end":{"line":49,"column":20}}]},"10":{"loc":{"start":{"line":53,"column":21},"end":{"line":53,"column":71}},"type":"cond-expr","locations":[{"start":{"line":53,"column":30},"end":{"line":53,"column":51}},{"start":{"line":53,"column":55},"end":{"line":53,"column":71}}]},"11":{"loc":{"start":{"line":54,"column":24},"end":{"line":54,"column":67}},"type":"cond-expr","locations":[{"start":{"line":54,"column":34},"end":{"line":54,"column":56}},{"start":{"line":54,"column":59},"end":{"line":54,"column":67}}]},"12":{"loc":{"start":{"line":58,"column":4},"end":{"line":60,"column":null}},"type":"cond-expr","locations":[{"start":{"line":58,"column":17},"end":{"line":58,"column":19}},{"start":{"line":58,"column":17},"end":{"line":60,"column":null}}]},"13":{"loc":{"start":{"line":58,"column":4},"end":{"line":58,"column":19}},"type":"binary-expr","locations":[{"start":{"line":58,"column":4},"end":{"line":58,"column":19}},{"start":{"line":58,"column":17},"end":{"line":58,"column":19}}]},"14":{"loc":{"start":{"line":67,"column":4},"end":{"line":71,"column":null}},"type":"cond-expr","locations":[{"start":{"line":67,"column":17},"end":{"line":67,"column":19}},{"start":{"line":67,"column":17},"end":{"line":71,"column":null}}]},"15":{"loc":{"start":{"line":67,"column":4},"end":{"line":67,"column":19}},"type":"binary-expr","locations":[{"start":{"line":67,"column":4},"end":{"line":67,"column":19}},{"start":{"line":67,"column":17},"end":{"line":67,"column":19}}]}},"s":{"0":2,"1":2,"2":2,"3":2,"4":4,"5":4,"6":4,"7":4,"8":7,"9":7,"10":7,"11":0,"12":0,"13":2,"14":2,"15":2,"16":2,"17":2,"18":2,"19":1,"20":1,"21":2},"f":{"0":4,"1":7,"2":2,"3":1},"b":{"0":[4,4],"1":[7],"2":[7],"3":[7],"4":[7],"5":[0,0],"6":[0,0],"7":[0],"8":[2],"9":[2],"10":[0,2],"11":[2,0],"12":[0,2],"13":[2,2],"14":[0,1],"15":[1,1]}}
,"/Users/blakewilson/wpengine/faustjs/packages/faust-nx/src/server/auth/middleware.ts": {"path":"/Users/blakewilson/wpengine/faustjs/packages/faust-nx/src/server/auth/middleware.ts","statementMap":{"0":{"start":{"line":1,"column":0},"end":{"line":1,"column":26}},"1":{"start":{"line":3,"column":0},"end":{"line":3,"column":58}},"2":{"start":{"line":4,"column":0},"end":{"line":4,"column":38}},"3":{"start":{"line":5,"column":0},"end":{"line":5,"column":35}},"4":{"start":{"line":28,"column":14},"end":{"line":28,"column":31}},"5":{"start":{"line":29,"column":15},"end":{"line":29,"column":41}},"6":{"start":{"line":30,"column":16},"end":{"line":30,"column":48}},"7":{"start":{"line":31,"column":23},"end":{"line":31,"column":46}},"8":{"start":{"line":33,"column":2},"end":{"line":39,"column":null}},"9":{"start":{"line":34,"column":4},"end":{"line":34,"column":25}},"10":{"start":{"line":35,"column":4},"end":{"line":35,"column":54}},"11":{"start":{"line":36,"column":4},"end":{"line":36,"column":55}},"12":{"start":{"line":38,"column":4},"end":{"line":38,"column":11}},"13":{"start":{"line":41,"column":2},"end":{"line":79,"column":null}},"14":{"start":{"line":42,"column":19},"end":{"line":42,"column":42}},"15":{"start":{"line":44,"column":4},"end":{"line":72,"column":null}},"16":{"start":{"line":45,"column":6},"end":{"line":45,"column":49}},"17":{"start":{"line":46,"column":6},"end":{"line":46,"column":27}},"18":{"start":{"line":47,"column":6},"end":{"line":47,"column":38}},"19":{"start":{"line":51,"column":10},"end":{"line":51,"column":16}},"20":{"start":{"line":53,"column":6},"end":{"line":57,"column":null}},"21":{"start":{"line":54,"column":8},"end":{"line":54,"column":48}},"22":{"start":{"line":56,"column":8},"end":{"line":56,"column":29}},"23":{"start":{"line":68,"column":6},"end":{"line":68,"column":39}},"24":{"start":{"line":70,"column":6},"end":{"line":70,"column":56}},"25":{"start":{"line":71,"column":6},"end":{"line":71,"column":45}},"26":{"start":{"line":74,"column":4},"end":{"line":74,"column":11}},"27":{"start":{"line":76,"column":4},"end":{"line":76,"column":25}},"28":{"start":{"line":77,"column":4},"end":{"line":77,"column":54}},"29":{"start":{"line":78,"column":4},"end":{"line":78,"column":64}},"30":{"start":{"line":24,"column":0},"end":{"line":24,"column":7}},"31":{"start":{"line":97,"column":2},"end":{"line":102,"column":null}},"32":{"start":{"line":98,"column":4},"end":{"line":98,"column":25}},"33":{"start":{"line":99,"column":4},"end":{"line":99,"column":14}},"34":{"start":{"line":101,"column":4},"end":{"line":101,"column":11}},"35":{"start":{"line":104,"column":16},"end":{"line":104,"column":48}},"36":{"start":{"line":105,"column":2},"end":{"line":105,"column":35}},"37":{"start":{"line":107,"column":2},"end":{"line":107,"column":23}},"38":{"start":{"line":108,"column":2},"end":{"line":108,"column":12}},"39":{"start":{"line":92,"column":0},"end":{"line":92,"column":7}}},"fnMap":{"0":{"name":"authorizeHandler","decl":{"start":{"line":24,"column":22},"end":{"line":24,"column":38}},"loc":{"start":{"line":26,"column":21},"end":{"line":80,"column":1}}},"1":{"name":"logoutHandler","decl":{"start":{"line":92,"column":22},"end":{"line":92,"column":35}},"loc":{"start":{"line":94,"column":21},"end":{"line":109,"column":1}}}},"branchMap":{"0":{"loc":{"start":{"line":33,"column":2},"end":{"line":39,"column":null}},"type":"if","locations":[{"start":{"line":33,"column":2},"end":{"line":39,"column":null}}]},"1":{"loc":{"start":{"line":33,"column":6},"end":{"line":33,"column":28}},"type":"binary-expr","locations":[{"start":{"line":33,"column":6},"end":{"line":33,"column":19}},{"start":{"line":33,"column":23},"end":{"line":33,"column":28}}]},"2":{"loc":{"start":{"line":44,"column":4},"end":{"line":72,"column":null}},"type":"if","locations":[{"start":{"line":44,"column":4},"end":{"line":72,"column":null}},{"start":{"line":48,"column":11},"end":{"line":72,"column":null}}]},"3":{"loc":{"start":{"line":53,"column":6},"end":{"line":57,"column":null}},"type":"if","locations":[{"start":{"line":53,"column":6},"end":{"line":57,"column":null}},{"start":{"line":55,"column":13},"end":{"line":57,"column":null}}]},"4":{"loc":{"start":{"line":97,"column":2},"end":{"line":102,"column":null}},"type":"if","locations":[{"start":{"line":97,"column":2},"end":{"line":102,"column":null}}]}},"s":{"0":2,"1":2,"2":2,"3":2,"4":4,"5":4,"6":4,"7":4,"8":4,"9":2,"10":2,"11":2,"12":2,"13":2,"14":2,"15":2,"16":1,"17":1,"18":1,"19":1,"20":1,"21":1,"22":0,"23":1,"24":1,"25":1,"26":0,"27":0,"28":0,"29":0,"30":2,"31":0,"32":0,"33":0,"34":0,"35":0,"36":0,"37":0,"38":0,"39":2},"f":{"0":4,"1":0},"b":{"0":[2],"1":[4,4],"2":[1,1],"3":[1,0],"4":[0]}}
,"/Users/blakewilson/wpengine/faustjs/packages/faust-nx/src/server/auth/token.ts": {"path":"/Users/blakewilson/wpengine/faustjs/packages/faust-nx/src/server/auth/token.ts","statementMap":{"0":{"start":{"line":1,"column":0},"end":{"line":1,"column":26}},"1":{"start":{"line":3,"column":0},"end":{"line":3,"column":36}},"2":{"start":{"line":4,"column":0},"end":{"line":4,"column":42}},"3":{"start":{"line":5,"column":0},"end":{"line":5,"column":42}},"4":{"start":{"line":6,"column":0},"end":{"line":6,"column":43}},"5":{"start":{"line":7,"column":0},"end":{"line":7,"column":55}},"6":{"start":{"line":8,"column":0},"end":{"line":8,"column":49}},"7":{"start":{"line":26,"column":4},"end":{"line":26,"column":27}},"8":{"start":{"line":27,"column":4},"end":{"line":27,"column":39}},"9":{"start":{"line":31,"column":4},"end":{"line":31,"column":49}},"10":{"start":{"line":35,"column":4},"end":{"line":37,"column":null}},"11":{"start":{"line":36,"column":6},"end":{"line":36,"column":47}},"12":{"start":{"line":39,"column":37},"end":{"line":39,"column":44}},"13":{"start":{"line":42,"column":4},"end":{"line":45,"column":null}},"14":{"start":{"line":43,"column":6},"end":{"line":43,"column":43}},"15":{"start":{"line":44,"column":6},"end":{"line":44,"column":25}},"16":{"start":{"line":47,"column":4},"end":{"line":54,"column":7}},"17":{"start":{"line":58,"column":18},"end":{"line":58,"column":28}},"18":{"start":{"line":59,"column":28},"end":{"line":59,"column":41}},"19":{"start":{"line":61,"column":4},"end":{"line":65,"column":null}},"20":{"start":{"line":62,"column":6},"end":{"line":64,"column":8}},"21":{"start":{"line":67,"column":19},"end":{"line":77,"column":6}},"22":{"start":{"line":79,"column":4},"end":{"line":100,"column":null}},"23":{"start":{"line":81,"column":6},"end":{"line":91,"column":9}},"24":{"start":{"line":93,"column":6},"end":{"line":99,"column":null}},"25":{"start":{"line":94,"column":8},"end":{"line":98,"column":10}},"26":{"start":{"line":102,"column":19},"end":{"line":102,"column":40}},"27":{"start":{"line":104,"column":4},"end":{"line":110,"column":null}},"28":{"start":{"line":105,"column":6},"end":{"line":109,"column":8}},"29":{"start":{"line":112,"column":4},"end":{"line":112,"column":33}},"30":{"start":{"line":117,"column":37},"end":{"line":117,"column":42}},"31":{"start":{"line":119,"column":4},"end":{"line":125,"column":6}},"32":{"start":{"line":21,"column":0},"end":{"line":21,"column":13}}},"fnMap":{"0":{"name":"(anonymous_1)","decl":{"start":{"line":25,"column":2},"end":{"line":25,"column":14}},"loc":{"start":{"line":25,"column":30},"end":{"line":28,"column":3}}},"1":{"name":"(anonymous_2)","decl":{"start":{"line":30,"column":9},"end":{"line":30,"column":24}},"loc":{"start":{"line":30,"column":24},"end":{"line":32,"column":3}}},"2":{"name":"(anonymous_3)","decl":{"start":{"line":34,"column":9},"end":{"line":34,"column":24}},"loc":{"start":{"line":34,"column":57},"end":{"line":55,"column":3}}},"3":{"name":"(anonymous_4)","decl":{"start":{"line":57,"column":9},"end":{"line":57,"column":14}},"loc":{"start":{"line":57,"column":34},"end":{"line":113,"column":3}}},"4":{"name":"(anonymous_5)","decl":{"start":{"line":116,"column":9},"end":{"line":116,"column":22}},"loc":{"start":{"line":116,"column":33},"end":{"line":126,"column":3}}}},"branchMap":{"0":{"loc":{"start":{"line":35,"column":4},"end":{"line":37,"column":null}},"type":"if","locations":[{"start":{"line":35,"column":4},"end":{"line":37,"column":null}}]},"1":{"loc":{"start":{"line":35,"column":8},"end":{"line":35,"column":46}},"type":"binary-expr","locations":[{"start":{"line":35,"column":8},"end":{"line":35,"column":24}},{"start":{"line":35,"column":28},"end":{"line":35,"column":46}}]},"2":{"loc":{"start":{"line":42,"column":4},"end":{"line":45,"column":null}},"type":"if","locations":[{"start":{"line":42,"column":4},"end":{"line":45,"column":null}}]},"3":{"loc":{"start":{"line":61,"column":4},"end":{"line":65,"column":null}},"type":"if","locations":[{"start":{"line":61,"column":4},"end":{"line":65,"column":null}}]},"4":{"loc":{"start":{"line":79,"column":4},"end":{"line":100,"column":null}},"type":"if","locations":[{"start":{"line":79,"column":4},"end":{"line":100,"column":null}}]},"5":{"loc":{"start":{"line":93,"column":6},"end":{"line":99,"column":null}},"type":"if","locations":[{"start":{"line":93,"column":6},"end":{"line":99,"column":null}}]},"6":{"loc":{"start":{"line":104,"column":4},"end":{"line":110,"column":null}},"type":"if","locations":[{"start":{"line":104,"column":4},"end":{"line":110,"column":null}}]},"7":{"loc":{"start":{"line":120,"column":6},"end":{"line":124,"column":50}},"type":"binary-expr","locations":[{"start":{"line":120,"column":6},"end":{"line":120,"column":25}},{"start":{"line":121,"column":6},"end":{"line":121,"column":39}},{"start":{"line":122,"column":6},"end":{"line":122,"column":40}},{"start":{"line":123,"column":6},"end":{"line":123,"column":49}},{"start":{"line":124,"column":6},"end":{"line":124,"column":50}}]}},"s":{"0":2,"1":2,"2":2,"3":2,"4":2,"5":2,"6":2,"7":4,"8":4,"9":7,"10":2,"11":1,"12":2,"13":2,"14":0,"15":0,"16":2,"17":2,"18":2,"19":2,"20":0,"21":2,"22":2,"23":1,"24":1,"25":1,"26":2,"27":2,"28":1,"29":1,"30":2,"31":2,"32":2},"f":{"0":4,"1":7,"2":2,"3":2,"4":2},"b":{"0":[1],"1":[2,1],"2":[0],"3":[0],"4":[1],"5":[1],"6":[1],"7":[2,2,1,1,1]}}
,"/Users/blakewilson/wpengine/faustjs/packages/faust-nx/src/server/router/index.ts": {"path":"/Users/blakewilson/wpengine/faustjs/packages/faust-nx/src/server/router/index.ts","statementMap":{"0":{"start":{"line":2,"column":0},"end":{"line":2,"column":40}},"1":{"start":{"line":3,"column":0},"end":{"line":3,"column":72}},"2":{"start":{"line":4,"column":0},"end":{"line":4,"column":48}},"3":{"start":{"line":5,"column":0},"end":{"line":5,"column":null}},"4":{"start":{"line":29,"column":20},"end":{"line":29,"column":37}},"5":{"start":{"line":30,"column":19},"end":{"line":30,"column":52}},"6":{"start":{"line":32,"column":2},"end":{"line":40,"column":null}},"7":{"start":{"line":34,"column":6},"end":{"line":34,"column":40}},"8":{"start":{"line":36,"column":6},"end":{"line":36,"column":37}},"9":{"start":{"line":38,"column":6},"end":{"line":38,"column":27}},"10":{"start":{"line":39,"column":6},"end":{"line":39,"column":16}},"11":{"start":{"line":25,"column":0},"end":{"line":25,"column":7}}},"fnMap":{"0":{"name":"apiRouter","decl":{"start":{"line":25,"column":22},"end":{"line":25,"column":31}},"loc":{"start":{"line":27,"column":21},"end":{"line":41,"column":1}}}},"branchMap":{"0":{"loc":{"start":{"line":30,"column":27},"end":{"line":30,"column":46}},"type":"cond-expr","locations":[{"start":{"line":30,"column":36},"end":{"line":30,"column":38}},{"start":{"line":30,"column":27},"end":{"line":30,"column":46}}]},"1":{"loc":{"start":{"line":30,"column":27},"end":{"line":30,"column":38}},"type":"binary-expr","locations":[{"start":{"line":30,"column":27},"end":{"line":30,"column":38}},{"start":{"line":30,"column":27},"end":{"line":30,"column":38}}]},"2":{"loc":{"start":{"line":32,"column":2},"end":{"line":40,"column":null}},"type":"switch","locations":[{"start":{"line":33,"column":4},"end":{"line":34,"column":40}},{"start":{"line":35,"column":4},"end":{"line":36,"column":37}},{"start":{"line":37,"column":4},"end":{"line":39,"column":16}}]}},"s":{"0":1,"1":1,"2":1,"3":1,"4":4,"5":4,"6":4,"7":3,"8":1,"9":0,"10":0,"11":1},"f":{"0":4},"b":{"0":[0,4],"1":[4,4],"2":[3,1,0]}}
,"/Users/blakewilson/wpengine/faustjs/packages/faust-nx/src/utils/assert.ts": {"path":"/Users/blakewilson/wpengine/faustjs/packages/faust-nx/src/utils/assert.ts","statementMap":{"0":{"start":{"line":1,"column":0},"end":{"line":1,"column":42}},"1":{"start":{"line":10,"column":2},"end":{"line":10,"column":39}},"2":{"start":{"line":9,"column":0},"end":{"line":9,"column":16}},"3":{"start":{"line":21,"column":2},"end":{"line":23,"column":null}},"4":{"start":{"line":22,"column":4},"end":{"line":22,"column":17}},"5":{"start":{"line":25,"column":2},"end":{"line":27,"column":4}},"6":{"start":{"line":20,"column":0},"end":{"line":20,"column":16}},"7":{"start":{"line":30,"column":13},"end":{"line":30,"column":49}},"8":{"start":{"line":33,"column":2},"end":{"line":35,"column":null}},"9":{"start":{"line":34,"column":4},"end":{"line":34,"column":17}},"10":{"start":{"line":37,"column":2},"end":{"line":37,"column":32}},"11":{"start":{"line":32,"column":0},"end":{"line":32,"column":16}},"12":{"start":{"line":47,"column":2},"end":{"line":52,"column":null}},"13":{"start":{"line":48,"column":4},"end":{"line":48,"column":17}},"14":{"start":{"line":49,"column":4},"end":{"line":49,"column":16}},"15":{"start":{"line":51,"column":4},"end":{"line":51,"column":17}},"16":{"start":{"line":46,"column":0},"end":{"line":46,"column":16}},"17":{"start":{"line":55,"column":13},"end":{"line":56,"column":155}},"18":{"start":{"line":65,"column":2},"end":{"line":65,"column":54}},"19":{"start":{"line":64,"column":0},"end":{"line":64,"column":16}}},"fnMap":{"0":{"name":"isServerSide","decl":{"start":{"line":9,"column":16},"end":{"line":9,"column":28}},"loc":{"start":{"line":9,"column":28},"end":{"line":11,"column":1}}},"1":{"name":"isBase64","decl":{"start":{"line":20,"column":16},"end":{"line":20,"column":24}},"loc":{"start":{"line":20,"column":36},"end":{"line":28,"column":1}}},"2":{"name":"isPreviewPath","decl":{"start":{"line":32,"column":16},"end":{"line":32,"column":29}},"loc":{"start":{"line":32,"column":41},"end":{"line":38,"column":1}}},"3":{"name":"isValidUrl","decl":{"start":{"line":46,"column":16},"end":{"line":46,"column":26}},"loc":{"start":{"line":46,"column":38},"end":{"line":53,"column":1}}},"4":{"name":"isValidEmail","decl":{"start":{"line":64,"column":16},"end":{"line":64,"column":28}},"loc":{"start":{"line":64,"column":42},"end":{"line":66,"column":1}}}},"branchMap":{"0":{"loc":{"start":{"line":21,"column":2},"end":{"line":23,"column":null}},"type":"if","locations":[{"start":{"line":21,"column":2},"end":{"line":23,"column":null}}]},"1":{"loc":{"start":{"line":21,"column":6},"end":{"line":21,"column":40}},"type":"binary-expr","locations":[{"start":{"line":21,"column":6},"end":{"line":21,"column":20}},{"start":{"line":21,"column":24},"end":{"line":21,"column":40}}]},"2":{"loc":{"start":{"line":33,"column":2},"end":{"line":35,"column":null}},"type":"if","locations":[{"start":{"line":33,"column":2},"end":{"line":35,"column":null}}]}},"s":{"0":13,"1":15,"2":13,"3":11,"4":7,"5":4,"6":13,"7":13,"8":9,"9":5,"10":4,"11":13,"12":0,"13":0,"14":0,"15":0,"16":13,"17":13,"18":5,"19":13},"f":{"0":15,"1":11,"2":9,"3":0,"4":5},"b":{"0":[7],"1":[11,5],"2":[5]}}
,"/Users/blakewilson/wpengine/faustjs/packages/faust-nx/src/utils/convert.ts": {"path":"/Users/blakewilson/wpengine/faustjs/packages/faust-nx/src/utils/convert.ts","statementMap":{"0":{"start":{"line":1,"column":0},"end":{"line":1,"column":48}},"1":{"start":{"line":2,"column":0},"end":{"line":2,"column":40}},"2":{"start":{"line":3,"column":0},"end":{"line":3,"column":42}},"3":{"start":{"line":4,"column":0},"end":{"line":4,"column":48}},"4":{"start":{"line":5,"column":0},"end":{"line":5,"column":67}},"5":{"start":{"line":31,"column":2},"end":{"line":33,"column":null}},"6":{"start":{"line":32,"column":4},"end":{"line":32,"column":15}},"7":{"start":{"line":35,"column":2},"end":{"line":37,"column":null}},"8":{"start":{"line":36,"column":4},"end":{"line":36,"column":55}},"9":{"start":{"line":39,"column":2},"end":{"line":39,"column":19}},"10":{"start":{"line":30,"column":0},"end":{"line":30,"column":16}},"11":{"start":{"line":50,"column":2},"end":{"line":52,"column":null}},"12":{"start":{"line":51,"column":4},"end":{"line":51,"column":14}},"13":{"start":{"line":54,"column":2},"end":{"line":56,"column":null}},"14":{"start":{"line":55,"column":4},"end":{"line":55,"column":55}},"15":{"start":{"line":58,"column":2},"end":{"line":58,"column":19}},"16":{"start":{"line":49,"column":0},"end":{"line":49,"column":16}},"17":{"start":{"line":61,"column":18},"end":{"line":61,"column":79}},"18":{"start":{"line":72,"column":2},"end":{"line":74,"column":null}},"19":{"start":{"line":73,"column":4},"end":{"line":73,"column":11}},"20":{"start":{"line":76,"column":17},"end":{"line":76,"column":36}},"21":{"start":{"line":78,"column":2},"end":{"line":84,"column":null}},"22":{"start":{"line":83,"column":4},"end":{"line":83,"column":11}},"23":{"start":{"line":86,"column":2},"end":{"line":94,"column":4}},"24":{"start":{"line":71,"column":0},"end":{"line":71,"column":16}},"25":{"start":{"line":107,"column":2},"end":{"line":109,"column":null}},"26":{"start":{"line":108,"column":4},"end":{"line":108,"column":14}},"27":{"start":{"line":111,"column":20},"end":{"line":111,"column":33}},"28":{"start":{"line":113,"column":2},"end":{"line":115,"column":null}},"29":{"start":{"line":114,"column":4},"end":{"line":114,"column":14}},"30":{"start":{"line":117,"column":14},"end":{"line":117,"column":30}},"31":{"start":{"line":119,"column":2},"end":{"line":121,"column":null}},"32":{"start":{"line":120,"column":4},"end":{"line":120,"column":31}},"33":{"start":{"line":123,"column":17},"end":{"line":123,"column":33}},"34":{"start":{"line":125,"column":2},"end":{"line":130,"column":null}},"35":{"start":{"line":125,"column":15},"end":{"line":125,"column":16}},"36":{"start":{"line":126,"column":17},"end":{"line":126,"column":37}},"37":{"start":{"line":127,"column":4},"end":{"line":129,"column":null}},"38":{"start":{"line":128,"column":6},"end":{"line":128,"column":41}},"39":{"start":{"line":132,"column":2},"end":{"line":132,"column":12}},"40":{"start":{"line":106,"column":0},"end":{"line":106,"column":16}},"41":{"start":{"line":143,"column":20},"end":{"line":143,"column":33}},"42":{"start":{"line":145,"column":2},"end":{"line":147,"column":null}},"43":{"start":{"line":146,"column":4},"end":{"line":146,"column":15}},"44":{"start":{"line":149,"column":2},"end":{"line":149,"column":65}},"45":{"start":{"line":142,"column":0},"end":{"line":142,"column":16}},"46":{"start":{"line":153,"column":2},"end":{"line":155,"column":null}},"47":{"start":{"line":154,"column":4},"end":{"line":154,"column":19}},"48":{"start":{"line":157,"column":2},"end":{"line":157,"column":45}},"49":{"start":{"line":152,"column":0},"end":{"line":152,"column":16}},"50":{"start":{"line":169,"column":20},"end":{"line":169,"column":23}},"51":{"start":{"line":171,"column":2},"end":{"line":173,"column":null}},"52":{"start":{"line":172,"column":4},"end":{"line":172,"column":42}},"53":{"start":{"line":175,"column":2},"end":{"line":177,"column":null}},"54":{"start":{"line":176,"column":4},"end":{"line":176,"column":22}},"55":{"start":{"line":179,"column":2},"end":{"line":179,"column":21}},"56":{"start":{"line":168,"column":0},"end":{"line":168,"column":16}},"57":{"start":{"line":184,"column":2},"end":{"line":186,"column":null}},"58":{"start":{"line":185,"column":4},"end":{"line":185,"column":11}},"59":{"start":{"line":188,"column":2},"end":{"line":190,"column":null}},"60":{"start":{"line":189,"column":4},"end":{"line":189,"column":71}},"61":{"start":{"line":192,"column":2},"end":{"line":194,"column":null}},"62":{"start":{"line":193,"column":4},"end":{"line":193,"column":60}},"63":{"start":{"line":196,"column":2},"end":{"line":198,"column":null}},"64":{"start":{"line":197,"column":4},"end":{"line":197,"column":56}},"65":{"start":{"line":200,"column":2},"end":{"line":202,"column":null}},"66":{"start":{"line":201,"column":4},"end":{"line":201,"column":48}},"67":{"start":{"line":183,"column":0},"end":{"line":183,"column":16}},"68":{"start":{"line":207,"column":16},"end":{"line":207,"column":30}},"69":{"start":{"line":208,"column":2},"end":{"line":219,"column":null}},"70":{"start":{"line":209,"column":19},"end":{"line":209,"column":54}},"71":{"start":{"line":210,"column":17},"end":{"line":210,"column":40}},"72":{"start":{"line":212,"column":4},"end":{"line":216,"column":null}},"73":{"start":{"line":212,"column":17},"end":{"line":212,"column":28}},"74":{"start":{"line":213,"column":6},"end":{"line":215,"column":null}},"75":{"start":{"line":214,"column":8},"end":{"line":214,"column":26}},"76":{"start":{"line":218,"column":4},"end":{"line":218,"column":68}},"77":{"start":{"line":220,"column":2},"end":{"line":220,"column":13}},"78":{"start":{"line":206,"column":0},"end":{"line":206,"column":16}}},"fnMap":{"0":{"name":"base64Decode","decl":{"start":{"line":30,"column":16},"end":{"line":30,"column":28}},"loc":{"start":{"line":30,"column":40},"end":{"line":40,"column":1}}},"1":{"name":"base64Encode","decl":{"start":{"line":49,"column":16},"end":{"line":49,"column":28}},"loc":{"start":{"line":49,"column":40},"end":{"line":59,"column":1}}},"2":{"name":"parseUrl","decl":{"start":{"line":71,"column":16},"end":{"line":71,"column":24}},"loc":{"start":{"line":71,"column":48},"end":{"line":95,"column":1}}},"3":{"name":"getQueryParam","decl":{"start":{"line":106,"column":16},"end":{"line":106,"column":29}},"loc":{"start":{"line":106,"column":56},"end":{"line":133,"column":1}}},"4":{"name":"getUrlPath","decl":{"start":{"line":142,"column":16},"end":{"line":142,"column":26}},"loc":{"start":{"line":142,"column":39},"end":{"line":150,"column":1}}},"5":{"name":"stripPreviewFromUrlPath","decl":{"start":{"line":152,"column":16},"end":{"line":152,"column":39}},"loc":{"start":{"line":152,"column":55},"end":{"line":158,"column":1}}},"6":{"name":"resolvePrefixedUrlPath","decl":{"start":{"line":168,"column":16},"end":{"line":168,"column":38}},"loc":{"start":{"line":168,"column":67},"end":{"line":180,"column":1}}},"7":{"name":"getCookiesFromContext","decl":{"start":{"line":183,"column":16},"end":{"line":183,"column":37}},"loc":{"start":{"line":183,"column":51},"end":{"line":203,"column":1}}},"8":{"name":"removeURLParam","decl":{"start":{"line":206,"column":16},"end":{"line":206,"column":30}},"loc":{"start":{"line":206,"column":61},"end":{"line":221,"column":1}}}},"branchMap":{"0":{"loc":{"start":{"line":31,"column":2},"end":{"line":33,"column":null}},"type":"if","locations":[{"start":{"line":31,"column":2},"end":{"line":33,"column":null}}]},"1":{"loc":{"start":{"line":35,"column":2},"end":{"line":37,"column":null}},"type":"if","locations":[{"start":{"line":35,"column":2},"end":{"line":37,"column":null}}]},"2":{"loc":{"start":{"line":50,"column":2},"end":{"line":52,"column":null}},"type":"if","locations":[{"start":{"line":50,"column":2},"end":{"line":52,"column":null}}]},"3":{"loc":{"start":{"line":54,"column":2},"end":{"line":56,"column":null}},"type":"if","locations":[{"start":{"line":54,"column":2},"end":{"line":56,"column":null}}]},"4":{"loc":{"start":{"line":72,"column":2},"end":{"line":74,"column":null}},"type":"if","locations":[{"start":{"line":72,"column":2},"end":{"line":74,"column":null}}]},"5":{"loc":{"start":{"line":78,"column":2},"end":{"line":84,"column":null}},"type":"if","locations":[{"start":{"line":78,"column":2},"end":{"line":84,"column":null}}]},"6":{"loc":{"start":{"line":79,"column":4},"end":{"line":81,"column":46}},"type":"binary-expr","locations":[{"start":{"line":79,"column":4},"end":{"line":79,"column":24}},{"start":{"line":80,"column":4},"end":{"line":80,"column":19}},{"start":{"line":81,"column":5},"end":{"line":81,"column":27}},{"start":{"line":81,"column":31},"end":{"line":81,"column":45}}]},"7":{"loc":{"start":{"line":107,"column":2},"end":{"line":109,"column":null}},"type":"if","locations":[{"start":{"line":107,"column":2},"end":{"line":109,"column":null}}]},"8":{"loc":{"start":{"line":107,"column":6},"end":{"line":107,"column":74}},"type":"binary-expr","locations":[{"start":{"line":107,"column":6},"end":{"line":107,"column":20}},{"start":{"line":107,"column":24},"end":{"line":107,"column":40}},{"start":{"line":107,"column":44},"end":{"line":107,"column":56}},{"start":{"line":107,"column":60},"end":{"line":107,"column":74}}]},"9":{"loc":{"start":{"line":113,"column":2},"end":{"line":115,"column":null}},"type":"if","locations":[{"start":{"line":113,"column":2},"end":{"line":115,"column":null}}]},"10":{"loc":{"start":{"line":113,"column":6},"end":{"line":113,"column":59}},"type":"binary-expr","locations":[{"start":{"line":113,"column":6},"end":{"line":113,"column":28}},{"start":{"line":113,"column":32},"end":{"line":113,"column":59}}]},"11":{"loc":{"start":{"line":119,"column":2},"end":{"line":121,"column":null}},"type":"if","locations":[{"start":{"line":119,"column":2},"end":{"line":121,"column":null}}]},"12":{"loc":{"start":{"line":127,"column":4},"end":{"line":129,"column":null}},"type":"if","locations":[{"start":{"line":127,"column":4},"end":{"line":129,"column":null}}]},"13":{"loc":{"start":{"line":145,"column":2},"end":{"line":147,"column":null}},"type":"if","locations":[{"start":{"line":145,"column":2},"end":{"line":147,"column":null}}]},"14":{"loc":{"start":{"line":149,"column":12},"end":{"line":149,"column":37}},"type":"binary-expr","locations":[{"start":{"line":149,"column":12},"end":{"line":149,"column":30}},{"start":{"line":149,"column":34},"end":{"line":149,"column":37}}]},"15":{"loc":{"start":{"line":149,"column":40},"end":{"line":149,"column":62}},"type":"binary-expr","locations":[{"start":{"line":149,"column":40},"end":{"line":149,"column":56}},{"start":{"line":149,"column":60},"end":{"line":149,"column":62}}]},"16":{"loc":{"start":{"line":153,"column":2},"end":{"line":155,"column":null}},"type":"if","locations":[{"start":{"line":153,"column":2},"end":{"line":155,"column":null}}]},"17":{"loc":{"start":{"line":171,"column":2},"end":{"line":173,"column":null}},"type":"if","locations":[{"start":{"line":171,"column":2},"end":{"line":173,"column":null}}]},"18":{"loc":{"start":{"line":175,"column":2},"end":{"line":177,"column":null}},"type":"if","locations":[{"start":{"line":175,"column":2},"end":{"line":177,"column":null}}]},"19":{"loc":{"start":{"line":184,"column":2},"end":{"line":186,"column":null}},"type":"if","locations":[{"start":{"line":184,"column":2},"end":{"line":186,"column":null}}]},"20":{"loc":{"start":{"line":188,"column":2},"end":{"line":190,"column":null}},"type":"if","locations":[{"start":{"line":188,"column":2},"end":{"line":190,"column":null}}]},"21":{"loc":{"start":{"line":188,"column":6},"end":{"line":188,"column":37}},"type":"cond-expr","locations":[{"start":{"line":188,"column":25},"end":{"line":188,"column":27}},{"start":{"line":188,"column":25},"end":{"line":188,"column":37}}]},"22":{"loc":{"start":{"line":188,"column":6},"end":{"line":188,"column":27}},"type":"binary-expr","locations":[{"start":{"line":188,"column":6},"end":{"line":188,"column":27}},{"start":{"line":188,"column":25},"end":{"line":188,"column":27}}]},"23":{"loc":{"start":{"line":192,"column":2},"end":{"line":194,"column":null}},"type":"if","locations":[{"start":{"line":192,"column":2},"end":{"line":194,"column":null}}]},"24":{"loc":{"start":{"line":192,"column":6},"end":{"line":192,"column":34}},"type":"cond-expr","locations":[{"start":{"line":192,"column":26},"end":{"line":192,"column":28}},{"start":{"line":192,"column":26},"end":{"line":192,"column":34}}]},"25":{"loc":{"start":{"line":192,"column":6},"end":{"line":192,"column":28}},"type":"binary-expr","locations":[{"start":{"line":192,"column":6},"end":{"line":192,"column":28}},{"start":{"line":192,"column":26},"end":{"line":192,"column":28}}]},"26":{"loc":{"start":{"line":192,"column":6},"end":{"line":192,"column":26}},"type":"cond-expr","locations":[{"start":{"line":192,"column":17},"end":{"line":192,"column":19}},{"start":{"line":192,"column":17},"end":{"line":192,"column":26}}]},"27":{"loc":{"start":{"line":192,"column":6},"end":{"line":192,"column":19}},"type":"binary-expr","locations":[{"start":{"line":192,"column":6},"end":{"line":192,"column":19}},{"start":{"line":192,"column":17},"end":{"line":192,"column":19}}]},"28":{"loc":{"start":{"line":196,"column":2},"end":{"line":198,"column":null}},"type":"if","locations":[{"start":{"line":196,"column":2},"end":{"line":198,"column":null}}]},"29":{"loc":{"start":{"line":196,"column":6},"end":{"line":196,"column":29}},"type":"cond-expr","locations":[{"start":{"line":196,"column":21},"end":{"line":196,"column":23}},{"start":{"line":196,"column":21},"end":{"line":196,"column":29}}]},"30":{"loc":{"start":{"line":196,"column":6},"end":{"line":196,"column":23}},"type":"binary-expr","locations":[{"start":{"line":196,"column":6},"end":{"line":196,"column":23}},{"start":{"line":196,"column":21},"end":{"line":196,"column":23}}]},"31":{"loc":{"start":{"line":200,"column":2},"end":{"line":202,"column":null}},"type":"if","locations":[{"start":{"line":200,"column":2},"end":{"line":202,"column":null}}]},"32":{"loc":{"start":{"line":208,"column":2},"end":{"line":219,"column":null}},"type":"if","locations":[{"start":{"line":208,"column":2},"end":{"line":219,"column":null}}]},"33":{"loc":{"start":{"line":213,"column":6},"end":{"line":215,"column":null}},"type":"if","locations":[{"start":{"line":213,"column":6},"end":{"line":215,"column":null}}]},"34":{"loc":{"start":{"line":218,"column":23},"end":{"line":218,"column":66}},"type":"cond-expr","locations":[{"start":{"line":218,"column":41},"end":{"line":218,"column":61}},{"start":{"line":218,"column":64},"end":{"line":218,"column":66}}]}},"s":{"0":12,"1":12,"2":12,"3":12,"4":12,"5":3,"6":2,"7":1,"8":1,"9":0,"10":12,"11":6,"12":4,"13":2,"14":2,"15":0,"16":12,"17":12,"18":17,"19":2,"20":15,"21":15,"22":1,"23":14,"24":12,"25":9,"26":3,"27":6,"28":6,"29":1,"30":5,"31":5,"32":5,"33":5,"34":5,"35":5,"36":6,"37":6,"38":4,"39":1,"40":12,"41":4,"42":4,"43":1,"44":3,"45":12,"46":0,"47":0,"48":0,"49":12,"50":3,"51":3,"52":3,"53":3,"54":1,"55":3,"56":12,"57":5,"58":1,"59":4,"60":1,"61":3,"62":1,"63":2,"64":1,"65":1,"66":1,"67":12,"68":2,"69":2,"70":2,"71":2,"72":2,"73":2,"74":3,"75":2,"76":2,"77":0,"78":12},"f":{"0":3,"1":6,"2":17,"3":9,"4":4,"5":0,"6":3,"7":5,"8":2},"b":{"0":[2],"1":[1],"2":[4],"3":[2],"4":[2],"5":[1],"6":[15,15,15,5],"7":[3],"8":[9,7,7,6],"9":[1],"10":[6,6],"11":[5],"12":[4],"13":[1],"14":[3,1],"15":[3,2],"16":[0],"17":[3],"18":[1],"19":[1],"20":[1],"21":[3,1],"22":[4,4],"23":[1],"24":[2,1],"25":[3,3],"26":[2,1],"27":[3,3],"28":[1],"29":[1,1],"30":[2,2],"31":[1],"32":[2],"33":[2],"34":[1,1]}}
,"/Users/blakewilson/wpengine/faustjs/packages/faust-nx/src/utils/index.ts": {"path":"/Users/blakewilson/wpengine/faustjs/packages/faust-nx/src/utils/index.ts","statementMap":{"0":{"start":{"line":1,"column":0},"end":{"line":1,"column":28}},"1":{"start":{"line":2,"column":0},"end":{"line":2,"column":29}},"2":{"start":{"line":3,"column":0},"end":{"line":3,"column":25}}},"fnMap":{},"branchMap":{},"s":{"0":11,"1":11,"2":11},"f":{},"b":{}}
,"/Users/blakewilson/wpengine/faustjs/packages/faust-nx/src/utils/log.ts": {"path":"/Users/blakewilson/wpengine/faustjs/packages/faust-nx/src/utils/log.ts","statementMap":{"0":{"start":{"line":1,"column":0},"end":{"line":1,"column":47}},"1":{"start":{"line":3,"column":39},"end":{"line":10,"column":1}},"2":{"start":{"line":4,"column":2},"end":{"line":6,"column":null}},"3":{"start":{"line":5,"column":4},"end":{"line":5,"column":11}},"4":{"start":{"line":9,"column":2},"end":{"line":9,"column":23}},"5":{"start":{"line":3,"column":13},"end":{"line":3,"column":39}}},"fnMap":{"0":{"name":"(anonymous_0)","decl":{"start":{"line":3,"column":39},"end":{"line":3,"column":40}},"loc":{"start":{"line":3,"column":51},"end":{"line":10,"column":1}}}},"branchMap":{"0":{"loc":{"start":{"line":4,"column":2},"end":{"line":6,"column":null}},"type":"if","locations":[{"start":{"line":4,"column":2},"end":{"line":6,"column":null}}]}},"s":{"0":11,"1":11,"2":1,"3":0,"4":1,"5":11},"f":{"0":1},"b":{"0":[0]}}
}
