{"/Users/blakewilson/wpengine/faustjs/packages/faust-nx/src/utils/assert.ts": {"path":"/Users/blakewilson/wpengine/faustjs/packages/faust-nx/src/utils/assert.ts","statementMap":{"0":{"start":{"line":1,"column":0},"end":{"line":1,"column":42}},"1":{"start":{"line":10,"column":2},"end":{"line":10,"column":39}},"2":{"start":{"line":9,"column":0},"end":{"line":9,"column":16}},"3":{"start":{"line":21,"column":2},"end":{"line":23,"column":null}},"4":{"start":{"line":22,"column":4},"end":{"line":22,"column":17}},"5":{"start":{"line":25,"column":2},"end":{"line":27,"column":4}},"6":{"start":{"line":20,"column":0},"end":{"line":20,"column":16}},"7":{"start":{"line":30,"column":13},"end":{"line":30,"column":49}},"8":{"start":{"line":33,"column":2},"end":{"line":35,"column":null}},"9":{"start":{"line":34,"column":4},"end":{"line":34,"column":17}},"10":{"start":{"line":37,"column":2},"end":{"line":37,"column":32}},"11":{"start":{"line":32,"column":0},"end":{"line":32,"column":16}},"12":{"start":{"line":47,"column":2},"end":{"line":52,"column":null}},"13":{"start":{"line":48,"column":4},"end":{"line":48,"column":17}},"14":{"start":{"line":49,"column":4},"end":{"line":49,"column":16}},"15":{"start":{"line":51,"column":4},"end":{"line":51,"column":17}},"16":{"start":{"line":46,"column":0},"end":{"line":46,"column":16}},"17":{"start":{"line":55,"column":13},"end":{"line":56,"column":155}},"18":{"start":{"line":65,"column":2},"end":{"line":65,"column":54}},"19":{"start":{"line":64,"column":0},"end":{"line":64,"column":16}}},"fnMap":{"0":{"name":"isServerSide","decl":{"start":{"line":9,"column":16},"end":{"line":9,"column":28}},"loc":{"start":{"line":9,"column":28},"end":{"line":11,"column":1}}},"1":{"name":"isBase64","decl":{"start":{"line":20,"column":16},"end":{"line":20,"column":24}},"loc":{"start":{"line":20,"column":36},"end":{"line":28,"column":1}}},"2":{"name":"isPreviewPath","decl":{"start":{"line":32,"column":16},"end":{"line":32,"column":29}},"loc":{"start":{"line":32,"column":41},"end":{"line":38,"column":1}}},"3":{"name":"isValidUrl","decl":{"start":{"line":46,"column":16},"end":{"line":46,"column":26}},"loc":{"start":{"line":46,"column":38},"end":{"line":53,"column":1}}},"4":{"name":"isValidEmail","decl":{"start":{"line":64,"column":16},"end":{"line":64,"column":28}},"loc":{"start":{"line":64,"column":42},"end":{"line":66,"column":1}}}},"branchMap":{"0":{"loc":{"start":{"line":21,"column":2},"end":{"line":23,"column":null}},"type":"if","locations":[{"start":{"line":21,"column":2},"end":{"line":23,"column":null}}]},"1":{"loc":{"start":{"line":21,"column":6},"end":{"line":21,"column":40}},"type":"binary-expr","locations":[{"start":{"line":21,"column":6},"end":{"line":21,"column":20}},{"start":{"line":21,"column":24},"end":{"line":21,"column":40}}]},"2":{"loc":{"start":{"line":33,"column":2},"end":{"line":35,"column":null}},"type":"if","locations":[{"start":{"line":33,"column":2},"end":{"line":35,"column":null}}]}},"s":{"0":2,"1":3,"2":2,"3":11,"4":7,"5":4,"6":2,"7":2,"8":9,"9":5,"10":4,"11":2,"12":0,"13":0,"14":0,"15":0,"16":2,"17":2,"18":5,"19":2},"f":{"0":3,"1":11,"2":9,"3":0,"4":5},"b":{"0":[7],"1":[11,5],"2":[5]}}
,"/Users/blakewilson/wpengine/faustjs/packages/faust-nx/src/utils/convert.ts": {"path":"/Users/blakewilson/wpengine/faustjs/packages/faust-nx/src/utils/convert.ts","statementMap":{"0":{"start":{"line":1,"column":0},"end":{"line":1,"column":48}},"1":{"start":{"line":2,"column":0},"end":{"line":2,"column":40}},"2":{"start":{"line":3,"column":0},"end":{"line":3,"column":42}},"3":{"start":{"line":4,"column":0},"end":{"line":4,"column":48}},"4":{"start":{"line":5,"column":0},"end":{"line":5,"column":67}},"5":{"start":{"line":31,"column":2},"end":{"line":33,"column":null}},"6":{"start":{"line":32,"column":4},"end":{"line":32,"column":15}},"7":{"start":{"line":35,"column":2},"end":{"line":37,"column":null}},"8":{"start":{"line":36,"column":4},"end":{"line":36,"column":55}},"9":{"start":{"line":39,"column":2},"end":{"line":39,"column":19}},"10":{"start":{"line":30,"column":0},"end":{"line":30,"column":16}},"11":{"start":{"line":50,"column":2},"end":{"line":52,"column":null}},"12":{"start":{"line":51,"column":4},"end":{"line":51,"column":14}},"13":{"start":{"line":54,"column":2},"end":{"line":56,"column":null}},"14":{"start":{"line":55,"column":4},"end":{"line":55,"column":55}},"15":{"start":{"line":58,"column":2},"end":{"line":58,"column":19}},"16":{"start":{"line":49,"column":0},"end":{"line":49,"column":16}},"17":{"start":{"line":61,"column":18},"end":{"line":61,"column":79}},"18":{"start":{"line":72,"column":2},"end":{"line":74,"column":null}},"19":{"start":{"line":73,"column":4},"end":{"line":73,"column":11}},"20":{"start":{"line":76,"column":17},"end":{"line":76,"column":36}},"21":{"start":{"line":78,"column":2},"end":{"line":84,"column":null}},"22":{"start":{"line":83,"column":4},"end":{"line":83,"column":11}},"23":{"start":{"line":86,"column":2},"end":{"line":94,"column":4}},"24":{"start":{"line":71,"column":0},"end":{"line":71,"column":16}},"25":{"start":{"line":107,"column":2},"end":{"line":109,"column":null}},"26":{"start":{"line":108,"column":4},"end":{"line":108,"column":14}},"27":{"start":{"line":111,"column":20},"end":{"line":111,"column":33}},"28":{"start":{"line":113,"column":2},"end":{"line":115,"column":null}},"29":{"start":{"line":114,"column":4},"end":{"line":114,"column":14}},"30":{"start":{"line":117,"column":14},"end":{"line":117,"column":30}},"31":{"start":{"line":119,"column":2},"end":{"line":121,"column":null}},"32":{"start":{"line":120,"column":4},"end":{"line":120,"column":31}},"33":{"start":{"line":123,"column":17},"end":{"line":123,"column":33}},"34":{"start":{"line":125,"column":2},"end":{"line":130,"column":null}},"35":{"start":{"line":125,"column":15},"end":{"line":125,"column":16}},"36":{"start":{"line":126,"column":17},"end":{"line":126,"column":37}},"37":{"start":{"line":127,"column":4},"end":{"line":129,"column":null}},"38":{"start":{"line":128,"column":6},"end":{"line":128,"column":41}},"39":{"start":{"line":132,"column":2},"end":{"line":132,"column":12}},"40":{"start":{"line":106,"column":0},"end":{"line":106,"column":16}},"41":{"start":{"line":143,"column":20},"end":{"line":143,"column":33}},"42":{"start":{"line":145,"column":2},"end":{"line":147,"column":null}},"43":{"start":{"line":146,"column":4},"end":{"line":146,"column":15}},"44":{"start":{"line":149,"column":2},"end":{"line":149,"column":65}},"45":{"start":{"line":142,"column":0},"end":{"line":142,"column":16}},"46":{"start":{"line":153,"column":2},"end":{"line":155,"column":null}},"47":{"start":{"line":154,"column":4},"end":{"line":154,"column":19}},"48":{"start":{"line":157,"column":2},"end":{"line":157,"column":45}},"49":{"start":{"line":152,"column":0},"end":{"line":152,"column":16}},"50":{"start":{"line":169,"column":20},"end":{"line":169,"column":23}},"51":{"start":{"line":171,"column":2},"end":{"line":173,"column":null}},"52":{"start":{"line":172,"column":4},"end":{"line":172,"column":42}},"53":{"start":{"line":175,"column":2},"end":{"line":177,"column":null}},"54":{"start":{"line":176,"column":4},"end":{"line":176,"column":22}},"55":{"start":{"line":179,"column":2},"end":{"line":179,"column":21}},"56":{"start":{"line":168,"column":0},"end":{"line":168,"column":16}},"57":{"start":{"line":184,"column":2},"end":{"line":186,"column":null}},"58":{"start":{"line":185,"column":4},"end":{"line":185,"column":11}},"59":{"start":{"line":188,"column":2},"end":{"line":190,"column":null}},"60":{"start":{"line":189,"column":4},"end":{"line":189,"column":71}},"61":{"start":{"line":192,"column":2},"end":{"line":194,"column":null}},"62":{"start":{"line":193,"column":4},"end":{"line":193,"column":60}},"63":{"start":{"line":196,"column":2},"end":{"line":198,"column":null}},"64":{"start":{"line":197,"column":4},"end":{"line":197,"column":56}},"65":{"start":{"line":200,"column":2},"end":{"line":202,"column":null}},"66":{"start":{"line":201,"column":4},"end":{"line":201,"column":48}},"67":{"start":{"line":183,"column":0},"end":{"line":183,"column":16}},"68":{"start":{"line":207,"column":16},"end":{"line":207,"column":30}},"69":{"start":{"line":208,"column":2},"end":{"line":219,"column":null}},"70":{"start":{"line":209,"column":19},"end":{"line":209,"column":54}},"71":{"start":{"line":210,"column":17},"end":{"line":210,"column":40}},"72":{"start":{"line":212,"column":4},"end":{"line":216,"column":null}},"73":{"start":{"line":212,"column":17},"end":{"line":212,"column":28}},"74":{"start":{"line":213,"column":6},"end":{"line":215,"column":null}},"75":{"start":{"line":214,"column":8},"end":{"line":214,"column":26}},"76":{"start":{"line":218,"column":4},"end":{"line":218,"column":68}},"77":{"start":{"line":220,"column":2},"end":{"line":220,"column":13}},"78":{"start":{"line":206,"column":0},"end":{"line":206,"column":16}}},"fnMap":{"0":{"name":"base64Decode","decl":{"start":{"line":30,"column":16},"end":{"line":30,"column":28}},"loc":{"start":{"line":30,"column":40},"end":{"line":40,"column":1}}},"1":{"name":"base64Encode","decl":{"start":{"line":49,"column":16},"end":{"line":49,"column":28}},"loc":{"start":{"line":49,"column":40},"end":{"line":59,"column":1}}},"2":{"name":"parseUrl","decl":{"start":{"line":71,"column":16},"end":{"line":71,"column":24}},"loc":{"start":{"line":71,"column":48},"end":{"line":95,"column":1}}},"3":{"name":"getQueryParam","decl":{"start":{"line":106,"column":16},"end":{"line":106,"column":29}},"loc":{"start":{"line":106,"column":56},"end":{"line":133,"column":1}}},"4":{"name":"getUrlPath","decl":{"start":{"line":142,"column":16},"end":{"line":142,"column":26}},"loc":{"start":{"line":142,"column":39},"end":{"line":150,"column":1}}},"5":{"name":"stripPreviewFromUrlPath","decl":{"start":{"line":152,"column":16},"end":{"line":152,"column":39}},"loc":{"start":{"line":152,"column":55},"end":{"line":158,"column":1}}},"6":{"name":"resolvePrefixedUrlPath","decl":{"start":{"line":168,"column":16},"end":{"line":168,"column":38}},"loc":{"start":{"line":168,"column":67},"end":{"line":180,"column":1}}},"7":{"name":"getCookiesFromContext","decl":{"start":{"line":183,"column":16},"end":{"line":183,"column":37}},"loc":{"start":{"line":183,"column":51},"end":{"line":203,"column":1}}},"8":{"name":"removeURLParam","decl":{"start":{"line":206,"column":16},"end":{"line":206,"column":30}},"loc":{"start":{"line":206,"column":61},"end":{"line":221,"column":1}}}},"branchMap":{"0":{"loc":{"start":{"line":31,"column":2},"end":{"line":33,"column":null}},"type":"if","locations":[{"start":{"line":31,"column":2},"end":{"line":33,"column":null}}]},"1":{"loc":{"start":{"line":35,"column":2},"end":{"line":37,"column":null}},"type":"if","locations":[{"start":{"line":35,"column":2},"end":{"line":37,"column":null}}]},"2":{"loc":{"start":{"line":50,"column":2},"end":{"line":52,"column":null}},"type":"if","locations":[{"start":{"line":50,"column":2},"end":{"line":52,"column":null}}]},"3":{"loc":{"start":{"line":54,"column":2},"end":{"line":56,"column":null}},"type":"if","locations":[{"start":{"line":54,"column":2},"end":{"line":56,"column":null}}]},"4":{"loc":{"start":{"line":72,"column":2},"end":{"line":74,"column":null}},"type":"if","locations":[{"start":{"line":72,"column":2},"end":{"line":74,"column":null}}]},"5":{"loc":{"start":{"line":78,"column":2},"end":{"line":84,"column":null}},"type":"if","locations":[{"start":{"line":78,"column":2},"end":{"line":84,"column":null}}]},"6":{"loc":{"start":{"line":79,"column":4},"end":{"line":81,"column":46}},"type":"binary-expr","locations":[{"start":{"line":79,"column":4},"end":{"line":79,"column":24}},{"start":{"line":80,"column":4},"end":{"line":80,"column":19}},{"start":{"line":81,"column":5},"end":{"line":81,"column":27}},{"start":{"line":81,"column":31},"end":{"line":81,"column":45}}]},"7":{"loc":{"start":{"line":107,"column":2},"end":{"line":109,"column":null}},"type":"if","locations":[{"start":{"line":107,"column":2},"end":{"line":109,"column":null}}]},"8":{"loc":{"start":{"line":107,"column":6},"end":{"line":107,"column":74}},"type":"binary-expr","locations":[{"start":{"line":107,"column":6},"end":{"line":107,"column":20}},{"start":{"line":107,"column":24},"end":{"line":107,"column":40}},{"start":{"line":107,"column":44},"end":{"line":107,"column":56}},{"start":{"line":107,"column":60},"end":{"line":107,"column":74}}]},"9":{"loc":{"start":{"line":113,"column":2},"end":{"line":115,"column":null}},"type":"if","locations":[{"start":{"line":113,"column":2},"end":{"line":115,"column":null}}]},"10":{"loc":{"start":{"line":113,"column":6},"end":{"line":113,"column":59}},"type":"binary-expr","locations":[{"start":{"line":113,"column":6},"end":{"line":113,"column":28}},{"start":{"line":113,"column":32},"end":{"line":113,"column":59}}]},"11":{"loc":{"start":{"line":119,"column":2},"end":{"line":121,"column":null}},"type":"if","locations":[{"start":{"line":119,"column":2},"end":{"line":121,"column":null}}]},"12":{"loc":{"start":{"line":127,"column":4},"end":{"line":129,"column":null}},"type":"if","locations":[{"start":{"line":127,"column":4},"end":{"line":129,"column":null}}]},"13":{"loc":{"start":{"line":145,"column":2},"end":{"line":147,"column":null}},"type":"if","locations":[{"start":{"line":145,"column":2},"end":{"line":147,"column":null}}]},"14":{"loc":{"start":{"line":149,"column":12},"end":{"line":149,"column":37}},"type":"binary-expr","locations":[{"start":{"line":149,"column":12},"end":{"line":149,"column":30}},{"start":{"line":149,"column":34},"end":{"line":149,"column":37}}]},"15":{"loc":{"start":{"line":149,"column":40},"end":{"line":149,"column":62}},"type":"binary-expr","locations":[{"start":{"line":149,"column":40},"end":{"line":149,"column":56}},{"start":{"line":149,"column":60},"end":{"line":149,"column":62}}]},"16":{"loc":{"start":{"line":153,"column":2},"end":{"line":155,"column":null}},"type":"if","locations":[{"start":{"line":153,"column":2},"end":{"line":155,"column":null}}]},"17":{"loc":{"start":{"line":171,"column":2},"end":{"line":173,"column":null}},"type":"if","locations":[{"start":{"line":171,"column":2},"end":{"line":173,"column":null}}]},"18":{"loc":{"start":{"line":175,"column":2},"end":{"line":177,"column":null}},"type":"if","locations":[{"start":{"line":175,"column":2},"end":{"line":177,"column":null}}]},"19":{"loc":{"start":{"line":184,"column":2},"end":{"line":186,"column":null}},"type":"if","locations":[{"start":{"line":184,"column":2},"end":{"line":186,"column":null}}]},"20":{"loc":{"start":{"line":188,"column":2},"end":{"line":190,"column":null}},"type":"if","locations":[{"start":{"line":188,"column":2},"end":{"line":190,"column":null}}]},"21":{"loc":{"start":{"line":188,"column":6},"end":{"line":188,"column":37}},"type":"cond-expr","locations":[{"start":{"line":188,"column":25},"end":{"line":188,"column":27}},{"start":{"line":188,"column":25},"end":{"line":188,"column":37}}]},"22":{"loc":{"start":{"line":188,"column":6},"end":{"line":188,"column":27}},"type":"binary-expr","locations":[{"start":{"line":188,"column":6},"end":{"line":188,"column":27}},{"start":{"line":188,"column":25},"end":{"line":188,"column":27}}]},"23":{"loc":{"start":{"line":192,"column":2},"end":{"line":194,"column":null}},"type":"if","locations":[{"start":{"line":192,"column":2},"end":{"line":194,"column":null}}]},"24":{"loc":{"start":{"line":192,"column":6},"end":{"line":192,"column":34}},"type":"cond-expr","locations":[{"start":{"line":192,"column":26},"end":{"line":192,"column":28}},{"start":{"line":192,"column":26},"end":{"line":192,"column":34}}]},"25":{"loc":{"start":{"line":192,"column":6},"end":{"line":192,"column":28}},"type":"binary-expr","locations":[{"start":{"line":192,"column":6},"end":{"line":192,"column":28}},{"start":{"line":192,"column":26},"end":{"line":192,"column":28}}]},"26":{"loc":{"start":{"line":192,"column":6},"end":{"line":192,"column":26}},"type":"cond-expr","locations":[{"start":{"line":192,"column":17},"end":{"line":192,"column":19}},{"start":{"line":192,"column":17},"end":{"line":192,"column":26}}]},"27":{"loc":{"start":{"line":192,"column":6},"end":{"line":192,"column":19}},"type":"binary-expr","locations":[{"start":{"line":192,"column":6},"end":{"line":192,"column":19}},{"start":{"line":192,"column":17},"end":{"line":192,"column":19}}]},"28":{"loc":{"start":{"line":196,"column":2},"end":{"line":198,"column":null}},"type":"if","locations":[{"start":{"line":196,"column":2},"end":{"line":198,"column":null}}]},"29":{"loc":{"start":{"line":196,"column":6},"end":{"line":196,"column":29}},"type":"cond-expr","locations":[{"start":{"line":196,"column":21},"end":{"line":196,"column":23}},{"start":{"line":196,"column":21},"end":{"line":196,"column":29}}]},"30":{"loc":{"start":{"line":196,"column":6},"end":{"line":196,"column":23}},"type":"binary-expr","locations":[{"start":{"line":196,"column":6},"end":{"line":196,"column":23}},{"start":{"line":196,"column":21},"end":{"line":196,"column":23}}]},"31":{"loc":{"start":{"line":200,"column":2},"end":{"line":202,"column":null}},"type":"if","locations":[{"start":{"line":200,"column":2},"end":{"line":202,"column":null}}]},"32":{"loc":{"start":{"line":208,"column":2},"end":{"line":219,"column":null}},"type":"if","locations":[{"start":{"line":208,"column":2},"end":{"line":219,"column":null}}]},"33":{"loc":{"start":{"line":213,"column":6},"end":{"line":215,"column":null}},"type":"if","locations":[{"start":{"line":213,"column":6},"end":{"line":215,"column":null}}]},"34":{"loc":{"start":{"line":218,"column":23},"end":{"line":218,"column":66}},"type":"cond-expr","locations":[{"start":{"line":218,"column":41},"end":{"line":218,"column":61}},{"start":{"line":218,"column":64},"end":{"line":218,"column":66}}]}},"s":{"0":1,"1":1,"2":1,"3":1,"4":1,"5":3,"6":2,"7":1,"8":1,"9":0,"10":1,"11":4,"12":3,"13":1,"14":1,"15":0,"16":1,"17":1,"18":11,"19":2,"20":9,"21":9,"22":1,"23":8,"24":1,"25":5,"26":1,"27":4,"28":4,"29":1,"30":3,"31":3,"32":3,"33":3,"34":3,"35":3,"36":4,"37":4,"38":2,"39":1,"40":1,"41":4,"42":4,"43":1,"44":3,"45":1,"46":0,"47":0,"48":0,"49":1,"50":3,"51":3,"52":3,"53":3,"54":1,"55":3,"56":1,"57":5,"58":1,"59":4,"60":1,"61":3,"62":1,"63":2,"64":1,"65":1,"66":1,"67":1,"68":2,"69":2,"70":2,"71":2,"72":2,"73":2,"74":3,"75":2,"76":2,"77":0,"78":1},"f":{"0":3,"1":4,"2":11,"3":5,"4":4,"5":0,"6":3,"7":5,"8":2},"b":{"0":[2],"1":[1],"2":[3],"3":[1],"4":[2],"5":[1],"6":[9,9,9,1],"7":[1],"8":[5,5,5,4],"9":[1],"10":[4,4],"11":[3],"12":[2],"13":[1],"14":[3,1],"15":[3,2],"16":[0],"17":[3],"18":[1],"19":[1],"20":[1],"21":[3,1],"22":[4,4],"23":[1],"24":[2,1],"25":[3,3],"26":[2,1],"27":[3,3],"28":[1],"29":[1,1],"30":[2,2],"31":[1],"32":[2],"33":[2],"34":[1,1]}}
}
